This is pdfTeX, Version 3.141592653-2.6-1.40.22 (TeX Live 2022/dev/Debian) (preloaded format=pdflatex 2024.3.15)  20 APR 2024 22:35
entering extended mode
 restricted \write18 enabled.
 file:line:error style messages enabled.
 %&-line parsing enabled.
**/home/sameer/Documents/Sameer/Thesis_Phase_1/LaTeX/BLA_Survey_results/Ionisation-Modelling-Results
(/home/sameer/Documents/Sameer/Thesis_Phase_1/LaTeX/BLA_Survey_results/Ionisation-Modelling-Results.tex
LaTeX2e <2021-11-15> patch level 1
L3 programming layer <2022-01-21> (/usr/share/texlive/texmf-dist/tex/latex/base/report.cls
Document Class: report 2021/10/04 v1.4n Standard LaTeX document class
(/usr/share/texlive/texmf-dist/tex/latex/base/size12.clo
File: size12.clo 2021/10/04 v1.4n Standard LaTeX file (size option)
)
\c@part=\count185
\c@chapter=\count186
\c@section=\count187
\c@subsection=\count188
\c@subsubsection=\count189
\c@paragraph=\count190
\c@subparagraph=\count191
\c@figure=\count192
\c@table=\count193
\abovecaptionskip=\skip47
\belowcaptionskip=\skip48
\bibindent=\dimen138
) (/usr/share/texlive/texmf-dist/tex/latex/graphics/graphicx.sty
Package: graphicx 2021/09/16 v1.2d Enhanced LaTeX Graphics (DPC,SPQR)
 (/usr/share/texlive/texmf-dist/tex/latex/graphics/keyval.sty
Package: keyval 2014/10/28 v1.15 key=value parser (DPC)
\KV@toks@=\toks16
) (/usr/share/texlive/texmf-dist/tex/latex/graphics/graphics.sty
Package: graphics 2021/03/04 v1.4d Standard LaTeX Graphics (DPC,SPQR)
 (/usr/share/texlive/texmf-dist/tex/latex/graphics/trig.sty
Package: trig 2021/08/11 v1.11 sin cos tan (DPC)
) (/usr/share/texlive/texmf-dist/tex/latex/graphics-cfg/graphics.cfg
File: graphics.cfg 2016/06/04 v1.11 sample graphics configuration
)
Package graphics Info: Driver file: pdftex.def on input line 107.
 (/usr/share/texlive/texmf-dist/tex/latex/graphics-def/pdftex.def
File: pdftex.def 2020/10/05 v1.2a Graphics/color driver for pdftex
))
\Gin@req@height=\dimen139
\Gin@req@width=\dimen140
) (/usr/share/texlive/texmf-dist/tex/latex/multirow/multirow.sty
Package: multirow 2021/03/15 v2.8 Span multiple rows of a table
\multirow@colwidth=\skip49
\multirow@cntb=\count194
\multirow@dima=\skip50
\bigstrutjot=\dimen141
) (/usr/share/texlive/texmf-dist/tex/latex/graphics/lscape.sty
Package: lscape 2020/05/28 v3.02 Landscape Pages (DPC)
) (/usr/share/texlive/texmf-dist/tex/latex/pdflscape/pdflscape.sty
Package: pdflscape 2019/12/05 v0.12 Display of landscape pages in PDF (HO)
 (/usr/share/texlive/texmf-dist/tex/generic/iftex/iftex.sty
Package: iftex 2020/03/06 v1.0d TeX engine tests
)
Package pdflscape Info: Auto-detected driver: pdftex on input line 81.
) (/usr/share/texlive/texmf-dist/tex/latex/base/fixltx2e.sty
Package: fixltx2e 2016/12/29 v2.1a fixes to LaTeX (obsolete)
Applying: [2015/01/01] Old fixltx2e package on input line 46.


Package fixltx2e Warning: fixltx2e is not required with releases after 2015
(fixltx2e)                All fixes are now in the LaTeX kernel.
(fixltx2e)                See the latexrelease package for details.

Already applied: [0000/00/00] Old fixltx2e package on input line 53.
) (/usr/share/texlive/texmf-dist/tex/latex/geometry/geometry.sty
Package: geometry 2020/01/02 v5.9 Page Geometry
 (/usr/share/texlive/texmf-dist/tex/generic/iftex/ifvtex.sty
Package: ifvtex 2019/10/25 v1.7 ifvtex legacy package. Use iftex instead.
)
\Gm@cnth=\count195
\Gm@cntv=\count196
\c@Gm@tempcnt=\count197
\Gm@bindingoffset=\dimen142
\Gm@wd@mp=\dimen143
\Gm@odd@mp=\dimen144
\Gm@even@mp=\dimen145
\Gm@layoutwidth=\dimen146
\Gm@layoutheight=\dimen147
\Gm@layouthoffset=\dimen148
\Gm@layoutvoffset=\dimen149
\Gm@dimlist=\toks17
) (/usr/share/texlive/texmf-dist/tex/latex/wasysym/wasysym.sty
Package: wasysym 2020/01/19 v2.4 Wasy-2 symbol support package
\symwasy=\mathgroup4
LaTeX Font Info:    Overwriting symbol font `wasy' in version `bold'
(Font)                  U/wasy/m/n --> U/wasy/b/n on input line 93.
) (/usr/share/texlive/texmf-dist/tex/latex/amsmath/amsmath.sty
Package: amsmath 2021/10/15 v2.17l AMS math features
\@mathmargin=\skip51

For additional information on amsmath, use the `?' option.
(/usr/share/texlive/texmf-dist/tex/latex/amsmath/amstext.sty
Package: amstext 2021/08/26 v2.01 AMS text
 (/usr/share/texlive/texmf-dist/tex/latex/amsmath/amsgen.sty
File: amsgen.sty 1999/11/30 v2.0 generic functions
\@emptytoks=\toks18
\ex@=\dimen150
)) (/usr/share/texlive/texmf-dist/tex/latex/amsmath/amsbsy.sty
Package: amsbsy 1999/11/29 v1.2d Bold Symbols
\pmbraise@=\dimen151
) (/usr/share/texlive/texmf-dist/tex/latex/amsmath/amsopn.sty
Package: amsopn 2021/08/26 v2.02 operator names
)
\inf@bad=\count198
LaTeX Info: Redefining \frac on input line 234.
\uproot@=\count199
\leftroot@=\count266
LaTeX Info: Redefining \overline on input line 399.
\classnum@=\count267
\DOTSCASE@=\count268
LaTeX Info: Redefining \ldots on input line 496.
LaTeX Info: Redefining \dots on input line 499.
LaTeX Info: Redefining \cdots on input line 620.


/usr/share/texlive/texmf-dist/tex/latex/amsmath/amsmath.sty:659: LaTeX Error: Command \iint already defined.
               Or name \end... illegal, see p.192 of the manual.

See the LaTeX manual or LaTeX Companion for explanation.
Type  H <return>  for immediate help.
 ...                                              
                                                  
l.659 ...d{\iint}{\DOTSI\protect\MultiIntegral{2}}
                                                  
Your command was ignored.
Type  I <command> <return>  to replace it with another command,
or  <return>  to continue without it.


/usr/share/texlive/texmf-dist/tex/latex/amsmath/amsmath.sty:660: LaTeX Error: Command \iiint already defined.
               Or name \end... illegal, see p.192 of the manual.

See the LaTeX manual or LaTeX Companion for explanation.
Type  H <return>  for immediate help.
 ...                                              
                                                  
l.660 ...{\iiint}{\DOTSI\protect\MultiIntegral{3}}
                                                  
Your command was ignored.
Type  I <command> <return>  to replace it with another command,
or  <return>  to continue without it.

\Mathstrutbox@=\box50
\strutbox@=\box51
\big@size=\dimen152
LaTeX Font Info:    Redeclaring font encoding OML on input line 743.
LaTeX Font Info:    Redeclaring font encoding OMS on input line 744.
\macc@depth=\count269
\c@MaxMatrixCols=\count270
\dotsspace@=\muskip16
\c@parentequation=\count271
\dspbrk@lvl=\count272
\tag@help=\toks19
\row@=\count273
\column@=\count274
\maxfields@=\count275
\andhelp@=\toks20
\eqnshift@=\dimen153
\alignsep@=\dimen154
\tagshift@=\dimen155
\tagwidth@=\dimen156
\totwidth@=\dimen157
\lineht@=\dimen158
\@envbody=\toks21
\multlinegap=\skip52
\multlinetaggap=\skip53
\mathdisplay@stack=\toks22
LaTeX Info: Redefining \[ on input line 2938.
LaTeX Info: Redefining \] on input line 2939.
) (/usr/share/texlive/texmf-dist/tex/latex/amsfonts/amssymb.sty
Package: amssymb 2013/01/14 v3.01 AMS font symbols
 (/usr/share/texlive/texmf-dist/tex/latex/amsfonts/amsfonts.sty
Package: amsfonts 2013/01/14 v3.01 Basic AMSFonts support
\symAMSa=\mathgroup5
\symAMSb=\mathgroup6
LaTeX Font Info:    Redeclaring math symbol \hbar on input line 98.
LaTeX Font Info:    Overwriting math alphabet `\mathfrak' in version `bold'
(Font)                  U/euf/m/n --> U/euf/b/n on input line 106.
)) (/usr/share/texlive/texmf-dist/tex/latex/caption/caption.sty
Package: caption 2020/10/26 v3.5g Customizing captions (AR)
 (/usr/share/texlive/texmf-dist/tex/latex/caption/caption3.sty
Package: caption3 2020/10/21 v2.2e caption3 kernel (AR)
\captionmargin=\dimen159
\captionmargin@=\dimen160
\captionwidth=\dimen161
\caption@tempdima=\dimen162
\caption@indent=\dimen163
\caption@parindent=\dimen164
\caption@hangindent=\dimen165
Package caption Info: Standard document class detected.
)
\c@caption@flags=\count276
\c@continuedfloat=\count277
) (/usr/share/texlive/texmf-dist/tex/latex/caption/subcaption.sty
Package: subcaption 2020/10/07 v1.3j Sub-captions (AR)
\c@subfigure=\count278
\c@subtable=\count279
) (/usr/share/texlive/texmf-dist/tex/latex/l3backend/l3backend-pdftex.def
File: l3backend-pdftex.def 2022-01-12 L3 backend support: PDF output (pdfTeX)
\l__color_backend_stack_int=\count280
\l__pdf_internal_box=\box52
) (./Ionisation-Modelling-Results.aux)
\openout1 = `Ionisation-Modelling-Results.aux'.

LaTeX Font Info:    Checking defaults for OML/cmm/m/it on input line 21.
LaTeX Font Info:    ... okay on input line 21.
LaTeX Font Info:    Checking defaults for OMS/cmsy/m/n on input line 21.
LaTeX Font Info:    ... okay on input line 21.
LaTeX Font Info:    Checking defaults for OT1/cmr/m/n on input line 21.
LaTeX Font Info:    ... okay on input line 21.
LaTeX Font Info:    Checking defaults for T1/cmr/m/n on input line 21.
LaTeX Font Info:    ... okay on input line 21.
LaTeX Font Info:    Checking defaults for TS1/cmr/m/n on input line 21.
LaTeX Font Info:    ... okay on input line 21.
LaTeX Font Info:    Checking defaults for OMX/cmex/m/n on input line 21.
LaTeX Font Info:    ... okay on input line 21.
LaTeX Font Info:    Checking defaults for U/cmr/m/n on input line 21.
LaTeX Font Info:    ... okay on input line 21.
 (/usr/share/texlive/texmf-dist/tex/context/base/mkii/supp-pdf.mkii
[Loading MPS to PDF converter (version 2006.09.02).]
\scratchcounter=\count281
\scratchdimen=\dimen166
\scratchbox=\box53
\nofMPsegments=\count282
\nofMParguments=\count283
\everyMPshowfont=\toks23
\MPscratchCnt=\count284
\MPscratchDim=\dimen167
\MPnumerator=\count285
\makeMPintoPDFobject=\count286
\everyMPtoPDFconversion=\toks24
) (/usr/share/texlive/texmf-dist/tex/latex/epstopdf-pkg/epstopdf-base.sty
Package: epstopdf-base 2020-01-24 v2.11 Base part for package epstopdf
Package epstopdf-base Info: Redefining graphics rule for `.eps' on input line 485.
 (/usr/share/texlive/texmf-dist/tex/latex/latexconfig/epstopdf-sys.cfg
File: epstopdf-sys.cfg 2010/07/13 v1.3 Configuration of (r)epstopdf for TeX Live
))
*geometry* driver: auto-detecting
*geometry* detected driver: pdftex
*geometry* verbose mode - [ preamble ] result:
* driver: pdftex
* paper: <default>
* layout: <same size as paper>
* layoutoffset:(h,v)=(0.0pt,0.0pt)
* modes: 
* h-part:(L,W,R)=(92.14519pt, 430.00462pt, 92.14519pt)
* v-part:(T,H,B)=(95.39737pt, 556.47656pt, 143.09605pt)
* \paperwidth=614.295pt
* \paperheight=794.96999pt
* \textwidth=430.00462pt
* \textheight=556.47656pt
* \oddsidemargin=19.8752pt
* \evensidemargin=19.8752pt
* \topmargin=-13.87262pt
* \headheight=12.0pt
* \headsep=25.0pt
* \topskip=12.0pt
* \footskip=30.0pt
* \marginparwidth=44.0pt
* \marginparsep=10.0pt
* \columnsep=10.0pt
* \skip\footins=10.8pt plus 4.0pt minus 2.0pt
* \hoffset=0.0pt
* \voffset=0.0pt
* \mag=1000
* \@twocolumnfalse
* \@twosidefalse
* \@mparswitchfalse
* \@reversemarginfalse
* (1in=72.27pt=25.4mm, 1cm=28.453pt)

Package caption Info: Begin \AtBeginDocument code.
Package caption Info: End \AtBeginDocument code.
LaTeX Font Info:    Trying to load font information for U+wasy on input line 23.
(/usr/share/texlive/texmf-dist/tex/latex/wasysym/uwasy.fd
File: uwasy.fd 2020/01/19 v2.4 Wasy-2 symbol font definitions
)
LaTeX Font Info:    Trying to load font information for U+msa on input line 23.
 (/usr/share/texlive/texmf-dist/tex/latex/amsfonts/umsa.fd
File: umsa.fd 2013/01/14 v3.01 AMS symbols A
)
LaTeX Font Info:    Trying to load font information for U+msb on input line 23.
 (/usr/share/texlive/texmf-dist/tex/latex/amsfonts/umsb.fd
File: umsb.fd 2013/01/14 v3.01 AMS symbols B
)

LaTeX Warning: No \author given.

[1

{/var/lib/texmf/fonts/map/pdftex/updmap/pdftex.map}] [1]
<System-Plots/3C263_z=0.140756_sys_plot.png, id=17, 2384.91pt x 1634.2656pt>

Overfull \hbox (42.14558pt too wide) in paragraph at lines 53--56
 []|  [] |
 []

[2]
Underfull \hbox (badness 10000) in paragraph at lines 79--80

 []


Underfull \hbox (badness 10000) in paragraph at lines 81--82

 []


Underfull \hbox (badness 10000) in paragraph at lines 85--87

 []


Underfull \hbox (badness 10000) in paragraph at lines 85--87

 []


Underfull \hbox (badness 10000) in paragraph at lines 88--89

 []

[3


]
<Ionisation-Modelling-Plots/3c263-z=0.140756-compI_logZ=-1.png, id=28, 992.9898pt x 610.6815pt>
<Ionisation-Modelling-Plots/3c263-z=0.140756-compI_logZ=1.png, id=29, 992.9898pt x 610.6815pt>
 [4]
<Ionisation-Modelling-Plots/3c263-z=0.140756-compI_logZ=1_non_detection.png, id=33, 992.9898pt x 610.6815pt>
 [5]
Underfull \hbox (badness 10000) in paragraph at lines 123--125

 []

[6]
<System-Plots/PKS0637-752_z=0.161064_sys_plot.png, id=41, 2384.91pt x 1634.2656pt>

Overfull \hbox (42.14558pt too wide) in paragraph at lines 144--147
 []|  [] |
 []

[7]
Underfull \hbox (badness 10000) in paragraph at lines 170--171

 []


Underfull \hbox (badness 10000) in paragraph at lines 172--173

 []


Underfull \hbox (badness 10000) in paragraph at lines 176--178

 []


Underfull \hbox (badness 10000) in paragraph at lines 176--178

 []


Underfull \hbox (badness 10000) in paragraph at lines 179--180

 []

[8


]
<Ionisation-Modelling-Plots/pks0637-z=0.161064-compI_logZ=-1.png, id=48, 1178.001pt x 637.4214pt>
<Ionisation-Modelling-Plots/pks0637-z=0.161064-compI_logZ=1.png, id=49, 1001.6622pt x 610.6815pt>
 [9]
<Ionisation-Modelling-Plots/pks0637-z=0.161064-compI_logZ=1_non_detection.png, id=53, 992.9898pt x 610.6815pt>
 [10]
Underfull \hbox (badness 10000) in paragraph at lines 212--214

 []


Underfull \hbox (badness 10000) in paragraph at lines 212--214

 []

[11]
<System-Plots/PKS0637-752_z=0.417539_sys_plot.png, id=61, 2384.91pt x 1634.2656pt>

Overfull \hbox (42.14558pt too wide) in paragraph at lines 232--235
 []|  [] |
 []

[12]
Underfull \hbox (badness 10000) in paragraph at lines 259--260

 []


Underfull \hbox (badness 10000) in paragraph at lines 263--264

 []

<Ionisation-Modelling-Plots/pks0637-z=0.417539-compI.png, id=66, 992.9898pt x 610.6815pt>

Underfull \hbox (badness 10000) in paragraph at lines 265--268

 []

[13


]
<Ionisation-Modelling-Plots/pks0637-z=0.417539-compI_logZ=-1_non_detection.png, id=70, 992.9898pt x 610.6815pt>
 [14]
Underfull \hbox (badness 10000) in paragraph at lines 285--287

 []


Underfull \hbox (badness 10000) in paragraph at lines 285--287

 []

[15]
<System-Plots/PG1424+240_z=0.147104_sys_plot.png, id=77, 2384.91pt x 1634.2656pt>

Overfull \hbox (42.14558pt too wide) in paragraph at lines 303--306
 []|  [] |
 []

[16]
Underfull \hbox (badness 10000) in paragraph at lines 336--337

 []


Underfull \hbox (badness 10000) in paragraph at lines 340--342

 []


Underfull \hbox (badness 10000) in paragraph at lines 340--342

 []


Underfull \hbox (badness 10000) in paragraph at lines 343--344

 []


Underfull \hbox (badness 10000) in paragraph at lines 347--349

 []


Underfull \hbox (badness 10000) in paragraph at lines 347--349

 []

[17


]
<Ionisation-Modelling-Plots/pg1424-z=0.147104-compIII.png, id=84, 1168.6059pt x 637.4214pt>
<Ionisation-Modelling-Plots/pg1424-z=0.147104-compII.png, id=85, 992.9898pt x 610.6815pt>
 [18]
<Ionisation-Modelling-Plots/pg1424-z=0.147104-compIII_logZ=-1_non_detection.png, id=90, 992.9898pt x 610.6815pt>
<Ionisation-Modelling-Plots/pg1424-z=0.147104-compII_logZ=-1_non_detection.png, id=91, 992.9898pt x 610.6815pt>
 [19]
Underfull \hbox (badness 10000) in paragraph at lines 382--384

 []


Underfull \hbox (badness 10000) in paragraph at lines 382--384

 []

[20]
<System-Plots/PG0003+158_z=0.386089_sys_plot.png, id=98, 2384.91pt x 1634.2656pt>

Overfull \hbox (42.14558pt too wide) in paragraph at lines 401--404
 []|  [] |
 []

[21]
Underfull \hbox (badness 10000) in paragraph at lines 430--431

 []

<Ionisation-Modelling-Plots/pg0003-z=0.386089-compI.png, id=102, 992.9898pt x 610.6815pt>

Underfull \hbox (badness 10000) in paragraph at lines 434--437

 []

[22


]
<Ionisation-Modelling-Plots/pg0003-z=0.386089-compI_logZ=-1_non_detection.png, id=106, 978.5358pt x 610.6815pt>
 [23]
Underfull \hbox (badness 10000) in paragraph at lines 453--455

 []


Underfull \hbox (badness 10000) in paragraph at lines 453--455

 []

[24]
<System-Plots/PG0003+158_z=0.421923_sys_plot.png, id=114, 2384.91pt x 1634.2656pt>

Overfull \hbox (42.14558pt too wide) in paragraph at lines 471--474
 []|  [] |
 []

[25]
Underfull \hbox (badness 10000) in paragraph at lines 499--500

 []


Underfull \hbox (badness 10000) in paragraph at lines 503--504

 []

<Ionisation-Modelling-Plots/pg0003-z=0.421923-compII.png, id=118, 978.5358pt x 610.6815pt>

Underfull \hbox (badness 10000) in paragraph at lines 505--508

 []

[26


]
<Ionisation-Modelling-Plots/pg0003-z=0.421923-compII_logZ=-1_non_detection.png, id=122, 978.5358pt x 610.6815pt>
 [27]
Underfull \hbox (badness 10000) in paragraph at lines 523--525

 []


Underfull \hbox (badness 10000) in paragraph at lines 523--525

 []

[28]
<System-Plots/PG1216+069_z=0.282286_sys_plot.png, id=129, 2384.91pt x 1634.2656pt>

Overfull \hbox (42.14558pt too wide) in paragraph at lines 543--546
 []|  [] |
 []

[29]
Underfull \hbox (badness 10000) in paragraph at lines 573--574

 []


Underfull \hbox (badness 10000) in paragraph at lines 577--578

 []


Underfull \hbox (badness 10000) in paragraph at lines 579--581

 []


Underfull \hbox (badness 10000) in paragraph at lines 579--581

 []


Underfull \hbox (badness 10000) in paragraph at lines 582--583

 []


Underfull \hbox (badness 10000) in paragraph at lines 586--587

 []

[30


]
<Ionisation-Modelling-Plots/pg1216-z=0.282286-compI.png, id=137, 978.5358pt x 610.6815pt>
<Ionisation-Modelling-Plots/pg1216-z=0.282286-compII.png, id=138, 978.5358pt x 610.6815pt>
 [31]
<Ionisation-Modelling-Plots/pg1216-z=0.282286-compI_logZ=-1_non_detection.png, id=142, 978.5358pt x 610.6815pt>
<Ionisation-Modelling-Plots/pg1216-z=0.282286-compII_logZ=-1_non_detection.png, id=143, 978.5358pt x 610.6815pt>


LaTeX Warning: `!h' float specifier changed to `!ht'.

[32]
Underfull \hbox (badness 10000) in paragraph at lines 626--628

 []


Underfull \hbox (badness 10000) in paragraph at lines 626--628

 []

[33]
<System-Plots/SDSSJ135712.61+170444_z=0.097869_sys_plot.png, id=150, 2384.91pt x 1634.2656pt>

Overfull \hbox (42.14558pt too wide) in paragraph at lines 645--648
 []|  [] |
 []

[34]
Underfull \hbox (badness 10000) in paragraph at lines 682--683

 []


Underfull \hbox (badness 10000) in paragraph at lines 686--688

 []


Underfull \hbox (badness 10000) in paragraph at lines 686--688

 []


Underfull \hbox (badness 10000) in paragraph at lines 689--690

 []


Underfull \hbox (badness 10000) in paragraph at lines 695--696

 []


Underfull \hbox (badness 10000) in paragraph at lines 701--702

 []

[35


]
<Ionisation-Modelling-Plots/s135712-z=0.097869-compII.png, id=157, 992.9898pt x 610.6815pt>
<Ionisation-Modelling-Plots/s135712-z=0.097869-compIII_logZ=-1.png, id=158, 992.9898pt x 610.6815pt>
 [36]
<Ionisation-Modelling-Plots/s135712-z=0.097869-compIII_logZ=1.png, id=163, 992.9898pt x 610.6815pt>
 [37]
<Ionisation-Modelling-Plots/s135712-z=0.097869-compII_logZ=-1_non_detection.png, id=167, 992.9898pt x 610.6815pt>
<Ionisation-Modelling-Plots/s135712-z=0.097869-compIII_logZ=1_non_detection.png, id=168, 992.9898pt x 610.6815pt>
 [38]
Underfull \hbox (badness 10000) in paragraph at lines 747--749

 []


Underfull \hbox (badness 10000) in paragraph at lines 747--749

 []

[39]
<System-Plots/1ES1553+113_z=0.187764_sys_plot.png, id=175, 2384.91pt x 1634.2656pt>

Overfull \hbox (42.14558pt too wide) in paragraph at lines 766--769
 []|  [] |
 []

[40]
Underfull \hbox (badness 10000) in paragraph at lines 800--801

 []


Underfull \hbox (badness 10000) in paragraph at lines 804--807

 []


Underfull \hbox (badness 10000) in paragraph at lines 804--807

 []


Underfull \hbox (badness 10000) in paragraph at lines 808--809

 []


Underfull \hbox (badness 10000) in paragraph at lines 812--814

 []


Underfull \hbox (badness 10000) in paragraph at lines 812--814

 []

[41


]
<Ionisation-Modelling-Plots/1es1553-z=0.187764-compI.png, id=182, 992.9898pt x 610.6815pt>
<Ionisation-Modelling-Plots/1es1553-z=0.187764-compII.png, id=183, 992.9898pt x 610.6815pt>
 [42]
<Ionisation-Modelling-Plots/1es1553-z=0.187764-compI_logZ=1_non_detection.png, id=188, 978.5358pt x 610.6815pt>
<Ionisation-Modelling-Plots/1es1553-z=0.187764-compII_logZ=-1_non_detection.png, id=189, 978.5358pt x 610.6815pt>
 [43]
Underfull \hbox (badness 10000) in paragraph at lines 851--853

 []


Underfull \hbox (badness 10000) in paragraph at lines 851--853

 []

[44]
<System-Plots/SBS1108+560_z=0.463207_sys_plot.png, id=196, 2384.91pt x 1634.2656pt>

Overfull \hbox (42.14558pt too wide) in paragraph at lines 869--872
 []|  [] |
 []

[45]
Underfull \hbox (badness 10000) in paragraph at lines 909--910

 []


Underfull \hbox (badness 10000) in paragraph at lines 913--918

 []


Underfull \hbox (badness 10000) in paragraph at lines 913--918

 []


Underfull \hbox (badness 10000) in paragraph at lines 913--918

 []


Underfull \hbox (badness 10000) in paragraph at lines 921--923

 []


Underfull \hbox (badness 10000) in paragraph at lines 921--923

 []


Underfull \hbox (badness 10000) in paragraph at lines 926--927

 []

[46


]
Underfull \hbox (badness 10000) in paragraph at lines 930--933

 []


Underfull \hbox (badness 10000) in paragraph at lines 930--933

 []


Underfull \hbox (badness 10000) in paragraph at lines 936--939

 []

[47]
<Ionisation-Modelling-Plots/sbs1108-z=0.463207-compIII_logZ=-1.png, id=206, 978.5358pt x 610.6815pt>
<Ionisation-Modelling-Plots/sbs1108-z=0.463207-compII_logZ=-1.png, id=207, 978.5358pt x 610.6815pt>
 [48]
<Ionisation-Modelling-Plots/sbs1108-z=0.463207-compIII_logZ=1.png, id=212, 978.5358pt x 610.6815pt>
<Ionisation-Modelling-Plots/sbs1108-z=0.463207-compII_logZ=1.png, id=213, 978.5358pt x 610.6815pt>
 [49]
Underfull \hbox (badness 10000) in paragraph at lines 975--977

 []


Underfull \hbox (badness 10000) in paragraph at lines 975--977

 []

[50]
<System-Plots/PG1222+216_z=0.378389_sys_plot.png, id=221, 2384.91pt x 1634.2656pt>

Overfull \hbox (42.14558pt too wide) in paragraph at lines 995--998
 []|  [] |
 []

[51]
Underfull \hbox (badness 10000) in paragraph at lines 1036--1037

 []

<Ionisation-Modelling-Plots/pg1222-z=0.378389-compVI.png, id=225, 978.5358pt x 610.6815pt>

Underfull \hbox (badness 10000) in paragraph at lines 1040--1043

 []

[52


] [53]
Underfull \hbox (badness 10000) in paragraph at lines 1047--1049

 []


Underfull \hbox (badness 10000) in paragraph at lines 1047--1049

 []

[54]
<System-Plots/PG1116+215_z=0.138527_sys_plot.png, id=236, 2384.91pt x 1634.2656pt>

Overfull \hbox (42.14558pt too wide) in paragraph at lines 1064--1067
 []|  [] |
 []

[55]
Underfull \hbox (badness 10000) in paragraph at lines 1101--1102

 []


Underfull \hbox (badness 10000) in paragraph at lines 1103--1104

 []


Underfull \hbox (badness 10000) in paragraph at lines 1107--1110

 []


Underfull \hbox (badness 10000) in paragraph at lines 1107--1110

 []


Underfull \hbox (badness 10000) in paragraph at lines 1107--1110

 []

[56


]
<Ionisation-Modelling-Plots/pg1116-z=0.138527-compII_logZ=-1.png, id=243, 992.9898pt x 610.6815pt>
<Ionisation-Modelling-Plots/pg1116-z=0.138527-compII_logZ=1.png, id=244, 992.9898pt x 610.6815pt>
 [57]
Underfull \hbox (badness 10000) in paragraph at lines 1134--1136

 []


Underfull \hbox (badness 10000) in paragraph at lines 1134--1136

 []

[58]
<System-Plots/H1821+643_z=0.170006_sys_plot.png, id=251, 2384.91pt x 1634.2656pt>

Overfull \hbox (42.14558pt too wide) in paragraph at lines 1152--1155
 []|  [] |
 []

[59]
Underfull \hbox (badness 10000) in paragraph at lines 1186--1187

 []


Underfull \hbox (badness 10000) in paragraph at lines 1190--1191

 []


Underfull \hbox (badness 10000) in paragraph at lines 1192--1193

 []


Underfull \hbox (badness 10000) in paragraph at lines 1196--1197

 []


Underfull \hbox (badness 10000) in paragraph at lines 1200--1201

 []


Underfull \hbox (badness 10000) in paragraph at lines 1204--1206

 []


Underfull \hbox (badness 10000) in paragraph at lines 1204--1206

 []


Underfull \hbox (badness 10000) in paragraph at lines 1207--1208

 []

[60


]
<Ionisation-Modelling-Plots/h1821-z=0.170006-compII_logZ=-1.png, id=259, 992.9898pt x 610.6815pt>
<Ionisation-Modelling-Plots/h1821-z=0.170006-compIII_logZ=-1.png, id=260, 992.9898pt x 610.6815pt>
 [61]
<Ionisation-Modelling-Plots/h1821-z=0.170006-compII.png, id=264, 992.9898pt x 610.6815pt>
<Ionisation-Modelling-Plots/h1821-z=0.170006-compIII.png, id=265, 992.9898pt x 610.6815pt>
 [62]
<Ionisation-Modelling-Plots/h1821-z=0.170006-compII_logZ=1_non_detection.png, id=269, 992.9898pt x 610.6815pt>
<Ionisation-Modelling-Plots/h1821-z=0.170006-compIII_logZ=1_non_detection.png, id=270, 992.9898pt x 610.6815pt>
 [63]
Underfull \hbox (badness 10000) in paragraph at lines 1263--1265

 []


Underfull \hbox (badness 10000) in paragraph at lines 1263--1265

 []

[64]
<System-Plots/H1821+643_z=0.224981_sys_plot.png, id=277, 2384.91pt x 1634.2656pt>

Overfull \hbox (42.14558pt too wide) in paragraph at lines 1281--1284
 []|  [] |
 []

[65]
Underfull \hbox (badness 10000) in paragraph at lines 1319--1320

 []


Underfull \hbox (badness 10000) in paragraph at lines 1323--1324

 []


Underfull \hbox (badness 10000) in paragraph at lines 1325--1326

 []


Underfull \hbox (badness 10000) in paragraph at lines 1329--1330

 []

[66


]
<Ionisation-Modelling-Plots/h1821-z=0.224981-compII.png, id=285, 1166.4378pt x 601.2864pt>
<Ionisation-Modelling-Plots/h1821-z=0.224981-compIV.png, id=286, 1184.5053pt x 601.2864pt>
 [67]
<Ionisation-Modelling-Plots/h1821-z=0.224981-compII_logZ=-1_non_detection.png, id=290, 974.9223pt x 618.6312pt>
<Ionisation-Modelling-Plots/h1821-z=0.224981-compIV_logZ=-1_non_detection.png, id=291, 985.7628pt x 618.6312pt>
 [68]
Underfull \hbox (badness 10000) in paragraph at lines 1370--1372

 []


Underfull \hbox (badness 10000) in paragraph at lines 1370--1372

 []

[69]
<System-Plots/PG1121+422_z=0.192393_sys_plot.png, id=298, 2384.91pt x 1634.2656pt>

Overfull \hbox (42.14558pt too wide) in paragraph at lines 1387--1390
 []|  [] |
 []

[70]
Underfull \hbox (badness 10000) in paragraph at lines 1424--1425

 []


Underfull \hbox (badness 10000) in paragraph at lines 1430--1431

 []


Underfull \hbox (badness 10000) in paragraph at lines 1436--1437

 []


Underfull \hbox (badness 10000) in paragraph at lines 1436--1437

 []


Underfull \hbox (badness 10000) in paragraph at lines 1442--1443

 []

[71


]
<Ionisation-Modelling-Plots/pg1121-z=0.192393-compI_logZ=-1.png, id=305, 1154.1519pt x 637.4214pt>
<Ionisation-Modelling-Plots/pg1121-z=0.192393-compI.png, id=306, 978.5358pt x 610.6815pt>
 [72]
<Ionisation-Modelling-Plots/pg1121-z=0.192393-compII.png, id=311, 978.5358pt x 610.6815pt>
 [73]
<Ionisation-Modelling-Plots/pg1121-z=0.192393-compI_logZ=1_non_detection.png, id=315, 978.5358pt x 610.6815pt>
<Ionisation-Modelling-Plots/pg1121-z=0.192393-compII_logZ=-1_non_detection.png, id=316, 978.5358pt x 610.6815pt>
 [74]
Underfull \hbox (badness 10000) in paragraph at lines 1489--1491

 []


Underfull \hbox (badness 10000) in paragraph at lines 1489--1491

 []

[75]
<System-Plots/PKS0405-123_z=0.167125_sys_plot.png, id=323, 2384.91pt x 1634.2656pt>

Overfull \hbox (42.14558pt too wide) in paragraph at lines 1510--1513
 []|  [] |
 []

[76] [77


]
Underfull \hbox (badness 10000) in paragraph at lines 1566--1567

 []


Underfull \hbox (badness 10000) in paragraph at lines 1570--1572

 []


Underfull \hbox (badness 10000) in paragraph at lines 1570--1572

 []


Underfull \hbox (badness 10000) in paragraph at lines 1573--1574

 []


Underfull \hbox (badness 10000) in paragraph at lines 1577--1579

 []


Underfull \hbox (badness 10000) in paragraph at lines 1577--1579

 []

[78]
<Ionisation-Modelling-Plots/pks0405-z=0.167125-compII.png, id=334, 992.9898pt x 610.6815pt>
<Ionisation-Modelling-Plots/pks0405-z=0.167125-compIV.png, id=335, 978.5358pt x 610.6815pt>
 [79]
Underfull \hbox (badness 10000) in paragraph at lines 1599--1601

 []


Underfull \hbox (badness 10000) in paragraph at lines 1599--1601

 []

[80]

LaTeX Font Warning: Font shape `OT1/cmr/bx/sc' undefined
(Font)              using `OT1/cmr/bx/n' instead on input line 1612.

[81]
<System-Plots/HE0056-3622_z=0.043265_sys_plot.png, id=345, 2384.91pt x 1634.2656pt>

Overfull \hbox (42.14558pt too wide) in paragraph at lines 1622--1625
 []|  [] |
 []

[82] [83


]
<System-Plots/PG1216+069_z=0.006328_sys_plot.png, id=352, 2384.91pt x 1634.2656pt>

Overfull \hbox (42.14558pt too wide) in paragraph at lines 1658--1661
 []|  [] |
 []

[84]
Underfull \hbox (badness 10000) in paragraph at lines 1692--1693

 []


Underfull \hbox (badness 10000) in paragraph at lines 1694--1695

 []


/home/sameer/Documents/Sameer/Thesis_Phase_1/LaTeX/BLA_Survey_results/Ionisation-Modelling-Results.tex:1698: LaTeX Error: There's no line here to end.

See the LaTeX manual or LaTeX Companion for explanation.
Type  H <return>  for immediate help.
 ...                                              
                                                  
l.1698 \\\\
           
Your command was ignored.
Type  I <command> <return>  to replace it with another command,
or  <return>  to continue without it.


/home/sameer/Documents/Sameer/Thesis_Phase_1/LaTeX/BLA_Survey_results/Ionisation-Modelling-Results.tex:1699: LaTeX Error: There's no line here to end.

See the LaTeX manual or LaTeX Companion for explanation.
Type  H <return>  for immediate help.
 ...                                              
                                                  
l.1699 \begin
             {figure}[!htbp]
Your command was ignored.
Type  I <command> <return>  to replace it with another command,
or  <return>  to continue without it.

<Ionisation-Modelling-Plots/pg1216-z=0.006328-compIII_logZ=-1.png, id=357, 1000.9395pt x 615.7404pt>
[85


] [86]
<System-Plots/3C263_z=0.063397_sys_plot.png, id=364, 2384.91pt x 1634.2656pt>

Overfull \hbox (42.14558pt too wide) in paragraph at lines 1714--1717
 []|  [] |
 []

[87]
Underfull \hbox (badness 10000) in paragraph at lines 1750--1751

 []


/home/sameer/Documents/Sameer/Thesis_Phase_1/LaTeX/BLA_Survey_results/Ionisation-Modelling-Results.tex:1754: LaTeX Error: There's no line here to end.

See the LaTeX manual or LaTeX Companion for explanation.
Type  H <return>  for immediate help.
 ...                                              
                                                  
l.1754 \\\\
           
Your command was ignored.
Type  I <command> <return>  to replace it with another command,
or  <return>  to continue without it.


/home/sameer/Documents/Sameer/Thesis_Phase_1/LaTeX/BLA_Survey_results/Ionisation-Modelling-Results.tex:1755: LaTeX Error: There's no line here to end.

See the LaTeX manual or LaTeX Companion for explanation.
Type  H <return>  for immediate help.
 ...                                              
                                                  
l.1755 \begin
             {figure}[!htbp]
Your command was ignored.
Type  I <command> <return>  to replace it with another command,
or  <return>  to continue without it.

<Ionisation-Modelling-Plots/3c263-z=0.063397-compIV_logZ=-1.png, id=368, 1000.9395pt x 615.7404pt>
[88


] [89]
<System-Plots/RXJ0439.6-5311_z=0.005568_sys_plot.png, id=375, 2384.91pt x 1634.2656pt>

Overfull \hbox (42.14558pt too wide) in paragraph at lines 1772--1775
 []|  [] |
 []

[90]
Underfull \hbox (badness 10000) in paragraph at lines 1801--1802

 []


/home/sameer/Documents/Sameer/Thesis_Phase_1/LaTeX/BLA_Survey_results/Ionisation-Modelling-Results.tex:1805: LaTeX Error: There's no line here to end.

See the LaTeX manual or LaTeX Companion for explanation.
Type  H <return>  for immediate help.
 ...                                              
                                                  
l.1805 \\\\
           
Your command was ignored.
Type  I <command> <return>  to replace it with another command,
or  <return>  to continue without it.


/home/sameer/Documents/Sameer/Thesis_Phase_1/LaTeX/BLA_Survey_results/Ionisation-Modelling-Results.tex:1806: LaTeX Error: There's no line here to end.

See the LaTeX manual or LaTeX Companion for explanation.
Type  H <return>  for immediate help.
 ...                                              
                                                  
l.1806 
       
Your command was ignored.
Type  I <command> <return>  to replace it with another command,
or  <return>  to continue without it.

<Ionisation-Modelling-Plots/rxj0439-z=0.005568-compII_logZ=-1.png, id=380, 1000.9395pt x 615.7404pt>
[91


]
<System-Plots/UKS0242-724_z=0.063850_sys_plot.png, id=384, 2384.91pt x 1634.2656pt>

Overfull \hbox (42.14558pt too wide) in paragraph at lines 1823--1826
 []|  [] |
 []

[92]
Underfull \hbox (badness 10000) in paragraph at lines 1856--1857

 []


Underfull \hbox (badness 10000) in paragraph at lines 1858--1859

 []

<Ionisation-Modelling-Plots/uks0242-z=0.06385-compI_logZ=-1.png, id=388, 1000.9395pt x 615.7404pt>

Underfull \hbox (badness 10000) in paragraph at lines 1860--1867

 []

[93


] [94]
<System-Plots/PG1259+593_z=0.046284_sys_plot.png, id=395, 2384.91pt x 1634.2656pt>

Overfull \hbox (42.14558pt too wide) in paragraph at lines 1878--1881
 []|  [] |
 []

[95]
Underfull \hbox (badness 10000) in paragraph at lines 1911--1912

 []


/home/sameer/Documents/Sameer/Thesis_Phase_1/LaTeX/BLA_Survey_results/Ionisation-Modelling-Results.tex:1915: LaTeX Error: There's no line here to end.

See the LaTeX manual or LaTeX Companion for explanation.
Type  H <return>  for immediate help.
 ...                                              
                                                  
l.1915 \\\\
           
Your command was ignored.
Type  I <command> <return>  to replace it with another command,
or  <return>  to continue without it.


/home/sameer/Documents/Sameer/Thesis_Phase_1/LaTeX/BLA_Survey_results/Ionisation-Modelling-Results.tex:1916: LaTeX Error: There's no line here to end.

See the LaTeX manual or LaTeX Companion for explanation.
Type  H <return>  for immediate help.
 ...                                              
                                                  
l.1916 \begin
             {figure}[!htbp]
Your command was ignored.
Type  I <command> <return>  to replace it with another command,
or  <return>  to continue without it.

<Ionisation-Modelling-Plots/pg1259-z=0.046284-compII_logZ=-1.png, id=399, 1000.9395pt x 615.7404pt>
[96


] [97]
<System-Plots/PKS1302-102_z=0.094839_sys_plot.png, id=407, 2384.91pt x 1634.2656pt>

Overfull \hbox (42.14558pt too wide) in paragraph at lines 1932--1935
 []|  [] |
 []

[98]
Underfull \hbox (badness 10000) in paragraph at lines 1964--1965

 []


/home/sameer/Documents/Sameer/Thesis_Phase_1/LaTeX/BLA_Survey_results/Ionisation-Modelling-Results.tex:1968: LaTeX Error: There's no line here to end.

See the LaTeX manual or LaTeX Companion for explanation.
Type  H <return>  for immediate help.
 ...                                              
                                                  
l.1968 \\\\
           
Your command was ignored.
Type  I <command> <return>  to replace it with another command,
or  <return>  to continue without it.


/home/sameer/Documents/Sameer/Thesis_Phase_1/LaTeX/BLA_Survey_results/Ionisation-Modelling-Results.tex:1969: LaTeX Error: There's no line here to end.

See the LaTeX manual or LaTeX Companion for explanation.
Type  H <return>  for immediate help.
 ...                                              
                                                  
l.1969 
       
Your command was ignored.
Type  I <command> <return>  to replace it with another command,
or  <return>  to continue without it.

<Ionisation-Modelling-Plots/pks1302-z=0.094839-compII_logZ=-1.png, id=411, 1000.9395pt x 615.7404pt>
[99


] [100]
<System-Plots/3C57_z=0.077430_sys_plot.png, id=419, 2384.91pt x 1634.2656pt>

Overfull \hbox (42.14558pt too wide) in paragraph at lines 1985--1988
 []|  [] |
 []

[101]
Underfull \hbox (badness 10000) in paragraph at lines 2015--2016

 []


Underfull \hbox (badness 10000) in paragraph at lines 2017--2018

 []


/home/sameer/Documents/Sameer/Thesis_Phase_1/LaTeX/BLA_Survey_results/Ionisation-Modelling-Results.tex:2021: LaTeX Error: There's no line here to end.

See the LaTeX manual or LaTeX Companion for explanation.
Type  H <return>  for immediate help.
 ...                                              
                                                  
l.2021 \\\\
           
Your command was ignored.
Type  I <command> <return>  to replace it with another command,
or  <return>  to continue without it.


/home/sameer/Documents/Sameer/Thesis_Phase_1/LaTeX/BLA_Survey_results/Ionisation-Modelling-Results.tex:2022: LaTeX Error: There's no line here to end.

See the LaTeX manual or LaTeX Companion for explanation.
Type  H <return>  for immediate help.
 ...                                              
                                                  
l.2022 
       
Your command was ignored.
Type  I <command> <return>  to replace it with another command,
or  <return>  to continue without it.

<Ionisation-Modelling-Plots/3c57-z=0.07743-compI_logZ=-1.png, id=423, 1000.9395pt x 615.7404pt>
[102


] [103]
<System-Plots/PMNJ1103-2329_z=0.003934_sys_plot.png, id=431, 2384.91pt x 1634.2656pt>

Overfull \hbox (42.14558pt too wide) in paragraph at lines 2037--2040
 []|  [] |
 []

[104]
Underfull \hbox (badness 10000) in paragraph at lines 2067--2068

 []


/home/sameer/Documents/Sameer/Thesis_Phase_1/LaTeX/BLA_Survey_results/Ionisation-Modelling-Results.tex:2071: LaTeX Error: There's no line here to end.

See the LaTeX manual or LaTeX Companion for explanation.
Type  H <return>  for immediate help.
 ...                                              
                                                  
l.2071 \\\\
           
Your command was ignored.
Type  I <command> <return>  to replace it with another command,
or  <return>  to continue without it.


/home/sameer/Documents/Sameer/Thesis_Phase_1/LaTeX/BLA_Survey_results/Ionisation-Modelling-Results.tex:2072: LaTeX Error: There's no line here to end.

See the LaTeX manual or LaTeX Companion for explanation.
Type  H <return>  for immediate help.
 ...                                              
                                                  
l.2072 \begin
             {figure}[!htbp]
Your command was ignored.
Type  I <command> <return>  to replace it with another command,
or  <return>  to continue without it.

<Ionisation-Modelling-Plots/p1103-z=0.003934-compII_logZ=-1.png, id=435, 1000.9395pt x 615.7404pt>
[105


]
Underfull \hbox (badness 10000) in paragraph at lines 2085--2086

 []


Underfull \hbox (badness 10000) in paragraph at lines 2095--2096

 []


Underfull \hbox (badness 10000) in paragraph at lines 2095--2096

 []

<Distribution_NH_b.png, id=439, 1141.866pt x 612.1269pt>
<NH_vs_b_1.png, id=440, 1164.9924pt x 589.0005pt>

LaTeX Warning: `h' float specifier changed to `ht'.

[106] [107] (./Ionisation-Modelling-Results.aux)

LaTeX Font Warning: Some font shapes were not available, defaults substituted.

 ) 
Here is how much of TeX's memory you used:
 5368 strings out of 480247
 109913 string characters out of 5896151
 374360 words of memory out of 5000000
 23168 multiletter control sequences out of 15000+600000
 483557 words of font info for 83 fonts, out of 8000000 for 9000
 14 hyphenation exceptions out of 8191
 55i,12n,63p,385b,348s stack positions out of 5000i,500n,10000p,200000b,80000s
{/usr/share/texmf/fonts/enc/dvips/cm-super/cm-super-ts1.enc}</usr/share/texlive/texmf-dist/fonts/type1/public/amsfonts/cm/cmbx12.pfb></usr/share/texlive/texmf-dist/fonts/type1/public/amsfonts/cm/cmbx8.pfb></usr/share/texlive/texmf-dist/fonts/type1/public/amsfonts/cm/cmcsc10.pfb></usr/share/texlive/texmf-dist/fonts/type1/public/amsfonts/cm/cmmi10.pfb></usr/share/texlive/texmf-dist/fonts/type1/public/amsfonts/cm/cmmi12.pfb></usr/share/texlive/texmf-dist/fonts/type1/public/amsfonts/cm/cmmi8.pfb></usr/share/texlive/texmf-dist/fonts/type1/public/amsfonts/cm/cmr12.pfb></usr/share/texlive/texmf-dist/fonts/type1/public/amsfonts/cm/cmr8.pfb></usr/share/texlive/texmf-dist/fonts/type1/public/amsfonts/cm/cmsy10.pfb></usr/share/texlive/texmf-dist/fonts/type1/public/amsfonts/cm/cmsy8.pfb></usr/share/texlive/texmf-dist/fonts/type1/public/amsfonts/cm/cmti12.pfb></usr/share/texlive/texmf-dist/fonts/type1/public/amsfonts/cm/cmtt12.pfb></usr/share/texmf/fonts/type1/public/cm-super/sfrm1200.pfb>
Output written on Ionisation-Modelling-Results.pdf (108 pages, 199923 bytes).
PDF statistics:
 507 PDF objects out of 1000 (max. 8388607)
 279 compressed objects within 3 object streams
 0 named destinations out of 1000 (max. 500000)
 441 words of extra memory for PDF output out of 10000 (max. 10000000)

