                                                          Cloudy 22.02
                                                         www.nublado.org

                                                  PRNG seed: 0xf20a1e143588e148

                       **************************************22Oct14**************************************
                       *                                                                                 *
                       * TABLE KS19 redshift = 0.34758 scale = 1 Q = 18                                  *
                       * #<<  KS19, Q=18  model    4 read.         z =          0.30                 >>> *
                       * #<<  KS19, Q=18  model    5 read.         z =          0.40                 >>> *
                       * #<< FINAL:       z =          0.35                                          >>> *
                       * abundances "solar_GASS10.abn"                                                   *
                       * element helium abundance 0.08156498 linear                                      *
                       * hden -3 log                                                                     *
                       * metals 0 log                                                                    *
                       * constant temperature 5 log vary                                                 *
                       * grid range from 4 to 7 with 0.02 dex step                                       *
                       * stop column density 14.13 neutral H                                             *
                       * stop temperature 20 K linear                                                    *
                       * save grid "component_II_T1_grid.txt" last no hash                               *
                       * save species column density "component_II_T1_col_density.txt" no hash           *
                       *                                                                                 *
                       ***********************************************************************************




 NOTE
 NOTE The simulation is going into neutral gas but cosmic rays are not included.
 NOTE Ion-molecule chemistry will not occur without a source of ionization.
 NOTE The chemistry network may collapse deep in molecular regions.
 NOTE Consider adding galactic background cosmic rays with the COSMIC RAYS BACKGROUND command.
 NOTE You may be making a BIG mistake.
 NOTE



                                                          Grid  Driver
                                                          Cloudy 22.02

                       **************************************22Oct14**************************************
                       *                                                                                 *
                       * TABLE KS19 redshift = 0.34758 scale = 1 Q = 18                                  *
                       * abundances "solar_GASS10.abn"                                                   *
                       * element helium abundance 0.08156498 linear                                      *
                       * hden -3 log                                                                     *
                       * metals 0 log                                                                    *
               VARY>>> * constant temperature 5 log vary                                                 *
                       * grid range from 4 to 7 with 0.02 dex step                                       *
                       * stop column density 14.13 neutral H                                             *
                       * stop temperature 20 K linear                                                    *
                       * save grid "component_II_T1_grid.txt" last no hash                               *
                       * save species column density "component_II_T1_col_density.txt" no hash           *
                       * "H"                                                                             *
                       * "H+"                                                                            *
                       * "C+"                                                                            *
                       * "C+2"                                                                           *
                       * "C+3"                                                                           *
                       * "O+5"                                                                           *
                       * "O+6"                                                                           *
                       * "Si+"                                                                           *
                       * "Si+2"                                                                          *
                       * "Si+3"                                                                          *
                       * end                                                                             *
                       *                                                                                 *
                       ***********************************************************************************


 Producing grid output.

   1 parameter(s) will be varied.  The first lines, and the increments are:

 CONSTANT TEMP 5.000000 LOG
 Log increment is 0.02, the limits are 4 to 7

 Running in parallel grid mode on 12 CPUs. I will now start to write the input files.

 **************************************************
 CONSTANT TEMP 4.000000 LOG
 **************************************************
 CONSTANT TEMP 4.020000 LOG
 **************************************************
 CONSTANT TEMP 4.040000 LOG
 **************************************************
 CONSTANT TEMP 4.060000 LOG
 **************************************************
 CONSTANT TEMP 4.080000 LOG
 **************************************************
 CONSTANT TEMP 4.100000 LOG
 **************************************************
 CONSTANT TEMP 4.120000 LOG
 **************************************************
 CONSTANT TEMP 4.140000 LOG
 **************************************************
 CONSTANT TEMP 4.160000 LOG
 **************************************************
 CONSTANT TEMP 4.180000 LOG
 **************************************************
 CONSTANT TEMP 4.200000 LOG
 **************************************************
 CONSTANT TEMP 4.220000 LOG
 **************************************************
 CONSTANT TEMP 4.240000 LOG
 **************************************************
 CONSTANT TEMP 4.260000 LOG
 **************************************************
 CONSTANT TEMP 4.280000 LOG
 **************************************************
 CONSTANT TEMP 4.300000 LOG
 **************************************************
 CONSTANT TEMP 4.320000 LOG
 **************************************************
 CONSTANT TEMP 4.340000 LOG
 **************************************************
 CONSTANT TEMP 4.360000 LOG
 **************************************************
 CONSTANT TEMP 4.380000 LOG
 **************************************************
 CONSTANT TEMP 4.400000 LOG
 **************************************************
 CONSTANT TEMP 4.420000 LOG
 **************************************************
 CONSTANT TEMP 4.440000 LOG
 **************************************************
 CONSTANT TEMP 4.460000 LOG
 **************************************************
 CONSTANT TEMP 4.480000 LOG
 **************************************************
 CONSTANT TEMP 4.500000 LOG
 **************************************************
 CONSTANT TEMP 4.520000 LOG
 **************************************************
 CONSTANT TEMP 4.540000 LOG
 **************************************************
 CONSTANT TEMP 4.560000 LOG
 **************************************************
 CONSTANT TEMP 4.580000 LOG
 **************************************************
 CONSTANT TEMP 4.600000 LOG
 **************************************************
 CONSTANT TEMP 4.620000 LOG
 **************************************************
 CONSTANT TEMP 4.640000 LOG
 **************************************************
 CONSTANT TEMP 4.660000 LOG
 **************************************************
 CONSTANT TEMP 4.680000 LOG
 **************************************************
 CONSTANT TEMP 4.700000 LOG
 **************************************************
 CONSTANT TEMP 4.720000 LOG
 **************************************************
 CONSTANT TEMP 4.740000 LOG
 **************************************************
 CONSTANT TEMP 4.760000 LOG
 **************************************************
 CONSTANT TEMP 4.780000 LOG
 **************************************************
 CONSTANT TEMP 4.800000 LOG
 **************************************************
 CONSTANT TEMP 4.820000 LOG
 **************************************************
 CONSTANT TEMP 4.840000 LOG
 **************************************************
 CONSTANT TEMP 4.860000 LOG
 **************************************************
 CONSTANT TEMP 4.880000 LOG
 **************************************************
 CONSTANT TEMP 4.900000 LOG
 **************************************************
 CONSTANT TEMP 4.920000 LOG
 **************************************************
 CONSTANT TEMP 4.940000 LOG
 **************************************************
 CONSTANT TEMP 4.960000 LOG
 **************************************************
 CONSTANT TEMP 4.980000 LOG
 **************************************************
 CONSTANT TEMP 5.000000 LOG
 **************************************************
 CONSTANT TEMP 5.020000 LOG
 **************************************************
 CONSTANT TEMP 5.040000 LOG
 **************************************************
 CONSTANT TEMP 5.060000 LOG
 **************************************************
 CONSTANT TEMP 5.080000 LOG
 **************************************************
 CONSTANT TEMP 5.100000 LOG
 **************************************************
 CONSTANT TEMP 5.120000 LOG
 **************************************************
 CONSTANT TEMP 5.140000 LOG
 **************************************************
 CONSTANT TEMP 5.160000 LOG
 **************************************************
 CONSTANT TEMP 5.180000 LOG
 **************************************************
 CONSTANT TEMP 5.200000 LOG
 **************************************************
 CONSTANT TEMP 5.220000 LOG
 **************************************************
 CONSTANT TEMP 5.240000 LOG
 **************************************************
 CONSTANT TEMP 5.260000 LOG
 **************************************************
 CONSTANT TEMP 5.280000 LOG
 **************************************************
 CONSTANT TEMP 5.300000 LOG
 **************************************************
 CONSTANT TEMP 5.320000 LOG
 **************************************************
 CONSTANT TEMP 5.340000 LOG
 **************************************************
 CONSTANT TEMP 5.360000 LOG
 **************************************************
 CONSTANT TEMP 5.380000 LOG
 **************************************************
 CONSTANT TEMP 5.400000 LOG
 **************************************************
 CONSTANT TEMP 5.420000 LOG
 **************************************************
 CONSTANT TEMP 5.440000 LOG
 **************************************************
 CONSTANT TEMP 5.460000 LOG
 **************************************************
 CONSTANT TEMP 5.480000 LOG
 **************************************************
 CONSTANT TEMP 5.500000 LOG
 **************************************************
 CONSTANT TEMP 5.520000 LOG
 **************************************************
 CONSTANT TEMP 5.540000 LOG
 **************************************************
 CONSTANT TEMP 5.560000 LOG
 **************************************************
 CONSTANT TEMP 5.580000 LOG
 **************************************************
 CONSTANT TEMP 5.600000 LOG
 **************************************************
 CONSTANT TEMP 5.620000 LOG
 **************************************************
 CONSTANT TEMP 5.640000 LOG
 **************************************************
 CONSTANT TEMP 5.660000 LOG
 **************************************************
 CONSTANT TEMP 5.680000 LOG
 **************************************************
 CONSTANT TEMP 5.700000 LOG
 **************************************************
 CONSTANT TEMP 5.720000 LOG
 **************************************************
 CONSTANT TEMP 5.740000 LOG
 **************************************************
 CONSTANT TEMP 5.760000 LOG
 **************************************************
 CONSTANT TEMP 5.780000 LOG
 **************************************************
 CONSTANT TEMP 5.800000 LOG
 **************************************************
 CONSTANT TEMP 5.820000 LOG
 **************************************************
 CONSTANT TEMP 5.840000 LOG
 **************************************************
 CONSTANT TEMP 5.860000 LOG
 **************************************************
 CONSTANT TEMP 5.880000 LOG
 **************************************************
 CONSTANT TEMP 5.900000 LOG
 **************************************************
 CONSTANT TEMP 5.920000 LOG
 **************************************************
 CONSTANT TEMP 5.940000 LOG
 **************************************************
 CONSTANT TEMP 5.960000 LOG
 **************************************************
 CONSTANT TEMP 5.980000 LOG
 **************************************************
 CONSTANT TEMP 6.000000 LOG
 **************************************************
 CONSTANT TEMP 6.020000 LOG
 **************************************************
 CONSTANT TEMP 6.040000 LOG
 **************************************************
 CONSTANT TEMP 6.060000 LOG
 **************************************************
 CONSTANT TEMP 6.080000 LOG
 **************************************************
 CONSTANT TEMP 6.100000 LOG
 **************************************************
 CONSTANT TEMP 6.120000 LOG
 **************************************************
 CONSTANT TEMP 6.140000 LOG
 **************************************************
 CONSTANT TEMP 6.160000 LOG
 **************************************************
 CONSTANT TEMP 6.180000 LOG
 **************************************************
 CONSTANT TEMP 6.200000 LOG
 **************************************************
 CONSTANT TEMP 6.220000 LOG
 **************************************************
 CONSTANT TEMP 6.240000 LOG
 **************************************************
 CONSTANT TEMP 6.260000 LOG
 **************************************************
 CONSTANT TEMP 6.280000 LOG
 **************************************************
 CONSTANT TEMP 6.300000 LOG
 **************************************************
 CONSTANT TEMP 6.320000 LOG
 **************************************************
 CONSTANT TEMP 6.340000 LOG
 **************************************************
 CONSTANT TEMP 6.360000 LOG
 **************************************************
 CONSTANT TEMP 6.380000 LOG
 **************************************************
 CONSTANT TEMP 6.400000 LOG
 **************************************************
 CONSTANT TEMP 6.420000 LOG
 **************************************************
 CONSTANT TEMP 6.440000 LOG
 **************************************************
 CONSTANT TEMP 6.460000 LOG
 **************************************************
 CONSTANT TEMP 6.480000 LOG
 **************************************************
 CONSTANT TEMP 6.500000 LOG
 **************************************************
 CONSTANT TEMP 6.520000 LOG
 **************************************************
 CONSTANT TEMP 6.540000 LOG
 **************************************************
 CONSTANT TEMP 6.560000 LOG
 **************************************************
 CONSTANT TEMP 6.580000 LOG
 **************************************************
 CONSTANT TEMP 6.600000 LOG
 **************************************************
 CONSTANT TEMP 6.620000 LOG
 **************************************************
 CONSTANT TEMP 6.640000 LOG
 **************************************************
 CONSTANT TEMP 6.660000 LOG
 **************************************************
 CONSTANT TEMP 6.680000 LOG
 **************************************************
 CONSTANT TEMP 6.700000 LOG
 **************************************************
 CONSTANT TEMP 6.720000 LOG
 **************************************************
 CONSTANT TEMP 6.740000 LOG
 **************************************************
 CONSTANT TEMP 6.760000 LOG
 **************************************************
 CONSTANT TEMP 6.780000 LOG
 **************************************************
 CONSTANT TEMP 6.800000 LOG
 **************************************************
 CONSTANT TEMP 6.820000 LOG
 **************************************************
 CONSTANT TEMP 6.840000 LOG
 **************************************************
 CONSTANT TEMP 6.860000 LOG
 **************************************************
 CONSTANT TEMP 6.880000 LOG
 **************************************************
 CONSTANT TEMP 6.900000 LOG
 **************************************************
 CONSTANT TEMP 6.920000 LOG
 **************************************************
 CONSTANT TEMP 6.940000 LOG
 **************************************************
 CONSTANT TEMP 6.960000 LOG
 **************************************************
 CONSTANT TEMP 6.980000 LOG
 **************************************************
 CONSTANT TEMP 7.000000 LOG
 **************************************************
 **************************************************
 **************************************************

 Writing input files has been completed.


 Cloudy ends: 0 zone, 0 iteration. (single thread) ExecTime(s) 0.01
 [Stop in cdMain at maincl.cpp:593, Cloudy exited OK]
