This is pdfTeX, Version 3.141592653-2.6-1.40.22 (TeX Live 2022/dev/Debian) (preloaded format=pdflatex 2023.8.20)  22 FEB 2024 16:29
entering extended mode
 restricted \write18 enabled.
 %&-line parsing enabled.
**Ionisation-Modelling-Results.tex
(./Ionisation-Modelling-Results.tex
LaTeX2e <2021-11-15> patch level 1
L3 programming layer <2022-01-21>
(/usr/share/texlive/texmf-dist/tex/latex/base/report.cls
Document Class: report 2021/10/04 v1.4n Standard LaTeX document class
(/usr/share/texlive/texmf-dist/tex/latex/base/size12.clo
File: size12.clo 2021/10/04 v1.4n Standard LaTeX file (size option)
)
\c@part=\count185
\c@chapter=\count186
\c@section=\count187
\c@subsection=\count188
\c@subsubsection=\count189
\c@paragraph=\count190
\c@subparagraph=\count191
\c@figure=\count192
\c@table=\count193
\abovecaptionskip=\skip47
\belowcaptionskip=\skip48
\bibindent=\dimen138
)
(/usr/share/texlive/texmf-dist/tex/latex/graphics/graphicx.sty
Package: graphicx 2021/09/16 v1.2d Enhanced LaTeX Graphics (DPC,SPQR)

(/usr/share/texlive/texmf-dist/tex/latex/graphics/keyval.sty
Package: keyval 2014/10/28 v1.15 key=value parser (DPC)
\KV@toks@=\toks16
)
(/usr/share/texlive/texmf-dist/tex/latex/graphics/graphics.sty
Package: graphics 2021/03/04 v1.4d Standard LaTeX Graphics (DPC,SPQR)

(/usr/share/texlive/texmf-dist/tex/latex/graphics/trig.sty
Package: trig 2021/08/11 v1.11 sin cos tan (DPC)
)
(/usr/share/texlive/texmf-dist/tex/latex/graphics-cfg/graphics.cfg
File: graphics.cfg 2016/06/04 v1.11 sample graphics configuration
)
Package graphics Info: Driver file: pdftex.def on input line 107.

(/usr/share/texlive/texmf-dist/tex/latex/graphics-def/pdftex.def
File: pdftex.def 2020/10/05 v1.2a Graphics/color driver for pdftex
))
\Gin@req@height=\dimen139
\Gin@req@width=\dimen140
)
(/usr/share/texlive/texmf-dist/tex/latex/multirow/multirow.sty
Package: multirow 2021/03/15 v2.8 Span multiple rows of a table
\multirow@colwidth=\skip49
\multirow@cntb=\count194
\multirow@dima=\skip50
\bigstrutjot=\dimen141
)
(/usr/share/texlive/texmf-dist/tex/latex/graphics/lscape.sty
Package: lscape 2020/05/28 v3.02 Landscape Pages (DPC)
)
(/usr/share/texlive/texmf-dist/tex/latex/pdflscape/pdflscape.sty
Package: pdflscape 2019/12/05 v0.12 Display of landscape pages in PDF (HO)

(/usr/share/texlive/texmf-dist/tex/generic/iftex/iftex.sty
Package: iftex 2020/03/06 v1.0d TeX engine tests
)
Package pdflscape Info: Auto-detected driver: pdftex on input line 81.
)
(/usr/share/texlive/texmf-dist/tex/latex/base/fixltx2e.sty
Package: fixltx2e 2016/12/29 v2.1a fixes to LaTeX (obsolete)
Applying: [2015/01/01] Old fixltx2e package on input line 46.


Package fixltx2e Warning: fixltx2e is not required with releases after 2015
(fixltx2e)                All fixes are now in the LaTeX kernel.
(fixltx2e)                See the latexrelease package for details.

Already applied: [0000/00/00] Old fixltx2e package on input line 53.
) (/usr/share/texlive/texmf-dist/tex/latex/geometry/geometry.sty
Package: geometry 2020/01/02 v5.9 Page Geometry

(/usr/share/texlive/texmf-dist/tex/generic/iftex/ifvtex.sty
Package: ifvtex 2019/10/25 v1.7 ifvtex legacy package. Use iftex instead.
)
\Gm@cnth=\count195
\Gm@cntv=\count196
\c@Gm@tempcnt=\count197
\Gm@bindingoffset=\dimen142
\Gm@wd@mp=\dimen143
\Gm@odd@mp=\dimen144
\Gm@even@mp=\dimen145
\Gm@layoutwidth=\dimen146
\Gm@layoutheight=\dimen147
\Gm@layouthoffset=\dimen148
\Gm@layoutvoffset=\dimen149
\Gm@dimlist=\toks17
)
(/usr/share/texlive/texmf-dist/tex/latex/wasysym/wasysym.sty
Package: wasysym 2020/01/19 v2.4 Wasy-2 symbol support package
\symwasy=\mathgroup4
LaTeX Font Info:    Overwriting symbol font `wasy' in version `bold'
(Font)                  U/wasy/m/n --> U/wasy/b/n on input line 93.
)
(/usr/share/texlive/texmf-dist/tex/latex/amsmath/amsmath.sty
Package: amsmath 2021/10/15 v2.17l AMS math features
\@mathmargin=\skip51

For additional information on amsmath, use the `?' option.
(/usr/share/texlive/texmf-dist/tex/latex/amsmath/amstext.sty
Package: amstext 2021/08/26 v2.01 AMS text

(/usr/share/texlive/texmf-dist/tex/latex/amsmath/amsgen.sty
File: amsgen.sty 1999/11/30 v2.0 generic functions
\@emptytoks=\toks18
\ex@=\dimen150
))
(/usr/share/texlive/texmf-dist/tex/latex/amsmath/amsbsy.sty
Package: amsbsy 1999/11/29 v1.2d Bold Symbols
\pmbraise@=\dimen151
)
(/usr/share/texlive/texmf-dist/tex/latex/amsmath/amsopn.sty
Package: amsopn 2021/08/26 v2.02 operator names
)
\inf@bad=\count198
LaTeX Info: Redefining \frac on input line 234.
\uproot@=\count199
\leftroot@=\count266
LaTeX Info: Redefining \overline on input line 399.
\classnum@=\count267
\DOTSCASE@=\count268
LaTeX Info: Redefining \ldots on input line 496.
LaTeX Info: Redefining \dots on input line 499.
LaTeX Info: Redefining \cdots on input line 620.


! LaTeX Error: Command \iint already defined.
               Or name \end... illegal, see p.192 of the manual.

See the LaTeX manual or LaTeX Companion for explanation.
Type  H <return>  for immediate help.
 ...                                              
                                                  
l.659 ...d{\iint}{\DOTSI\protect\MultiIntegral{2}}
                                                  
Your command was ignored.
Type  I <command> <return>  to replace it with another command,
or  <return>  to continue without it.


! LaTeX Error: Command \iiint already defined.
               Or name \end... illegal, see p.192 of the manual.

See the LaTeX manual or LaTeX Companion for explanation.
Type  H <return>  for immediate help.
 ...                                              
                                                  
l.660 ...{\iiint}{\DOTSI\protect\MultiIntegral{3}}
                                                  
Your command was ignored.
Type  I <command> <return>  to replace it with another command,
or  <return>  to continue without it.

\Mathstrutbox@=\box50
\strutbox@=\box51
\big@size=\dimen152
LaTeX Font Info:    Redeclaring font encoding OML on input line 743.
LaTeX Font Info:    Redeclaring font encoding OMS on input line 744.
\macc@depth=\count269
\c@MaxMatrixCols=\count270
\dotsspace@=\muskip16
\c@parentequation=\count271
\dspbrk@lvl=\count272
\tag@help=\toks19
\row@=\count273
\column@=\count274
\maxfields@=\count275
\andhelp@=\toks20
\eqnshift@=\dimen153
\alignsep@=\dimen154
\tagshift@=\dimen155
\tagwidth@=\dimen156
\totwidth@=\dimen157
\lineht@=\dimen158
\@envbody=\toks21
\multlinegap=\skip52
\multlinetaggap=\skip53
\mathdisplay@stack=\toks22
LaTeX Info: Redefining \[ on input line 2938.
LaTeX Info: Redefining \] on input line 2939.
) (/usr/share/texlive/texmf-dist/tex/latex/amsfonts/amssymb.sty
Package: amssymb 2013/01/14 v3.01 AMS font symbols

(/usr/share/texlive/texmf-dist/tex/latex/amsfonts/amsfonts.sty
Package: amsfonts 2013/01/14 v3.01 Basic AMSFonts support
\symAMSa=\mathgroup5
\symAMSb=\mathgroup6
LaTeX Font Info:    Redeclaring math symbol \hbar on input line 98.
LaTeX Font Info:    Overwriting math alphabet `\mathfrak' in version `bold'
(Font)                  U/euf/m/n --> U/euf/b/n on input line 106.
))
(/usr/share/texlive/texmf-dist/tex/latex/caption/caption.sty
Package: caption 2020/10/26 v3.5g Customizing captions (AR)

(/usr/share/texlive/texmf-dist/tex/latex/caption/caption3.sty
Package: caption3 2020/10/21 v2.2e caption3 kernel (AR)
\captionmargin=\dimen159
\captionmargin@=\dimen160
\captionwidth=\dimen161
\caption@tempdima=\dimen162
\caption@indent=\dimen163
\caption@parindent=\dimen164
\caption@hangindent=\dimen165
Package caption Info: Standard document class detected.
)
\c@caption@flags=\count276
\c@continuedfloat=\count277
)
(/usr/share/texlive/texmf-dist/tex/latex/caption/subcaption.sty
Package: subcaption 2020/10/07 v1.3j Sub-captions (AR)
\c@subfigure=\count278
\c@subtable=\count279
)
(/usr/share/texlive/texmf-dist/tex/latex/l3backend/l3backend-pdftex.def
File: l3backend-pdftex.def 2022-01-12 L3 backend support: PDF output (pdfTeX)
\l__color_backend_stack_int=\count280
\l__pdf_internal_box=\box52
)
(./Ionisation-Modelling-Results.aux)
\openout1 = `Ionisation-Modelling-Results.aux'.

LaTeX Font Info:    Checking defaults for OML/cmm/m/it on input line 23.
LaTeX Font Info:    ... okay on input line 23.
LaTeX Font Info:    Checking defaults for OMS/cmsy/m/n on input line 23.
LaTeX Font Info:    ... okay on input line 23.
LaTeX Font Info:    Checking defaults for OT1/cmr/m/n on input line 23.
LaTeX Font Info:    ... okay on input line 23.
LaTeX Font Info:    Checking defaults for T1/cmr/m/n on input line 23.
LaTeX Font Info:    ... okay on input line 23.
LaTeX Font Info:    Checking defaults for TS1/cmr/m/n on input line 23.
LaTeX Font Info:    ... okay on input line 23.
LaTeX Font Info:    Checking defaults for OMX/cmex/m/n on input line 23.
LaTeX Font Info:    ... okay on input line 23.
LaTeX Font Info:    Checking defaults for U/cmr/m/n on input line 23.
LaTeX Font Info:    ... okay on input line 23.

(/usr/share/texlive/texmf-dist/tex/context/base/mkii/supp-pdf.mkii
[Loading MPS to PDF converter (version 2006.09.02).]
\scratchcounter=\count281
\scratchdimen=\dimen166
\scratchbox=\box53
\nofMPsegments=\count282
\nofMParguments=\count283
\everyMPshowfont=\toks23
\MPscratchCnt=\count284
\MPscratchDim=\dimen167
\MPnumerator=\count285
\makeMPintoPDFobject=\count286
\everyMPtoPDFconversion=\toks24
) (/usr/share/texlive/texmf-dist/tex/latex/epstopdf-pkg/epstopdf-base.sty
Package: epstopdf-base 2020-01-24 v2.11 Base part for package epstopdf
Package epstopdf-base Info: Redefining graphics rule for `.eps' on input line 4
85.

(/usr/share/texlive/texmf-dist/tex/latex/latexconfig/epstopdf-sys.cfg
File: epstopdf-sys.cfg 2010/07/13 v1.3 Configuration of (r)epstopdf for TeX Liv
e
))
*geometry* driver: auto-detecting
*geometry* detected driver: pdftex
*geometry* verbose mode - [ preamble ] result:
* driver: pdftex
* paper: <default>
* layout: <same size as paper>
* layoutoffset:(h,v)=(0.0pt,0.0pt)
* modes: 
* h-part:(L,W,R)=(92.14519pt, 430.00462pt, 92.14519pt)
* v-part:(T,H,B)=(95.39737pt, 556.47656pt, 143.09605pt)
* \paperwidth=614.295pt
* \paperheight=794.96999pt
* \textwidth=430.00462pt
* \textheight=556.47656pt
* \oddsidemargin=19.8752pt
* \evensidemargin=19.8752pt
* \topmargin=-13.87262pt
* \headheight=12.0pt
* \headsep=25.0pt
* \topskip=12.0pt
* \footskip=30.0pt
* \marginparwidth=44.0pt
* \marginparsep=10.0pt
* \columnsep=10.0pt
* \skip\footins=10.8pt plus 4.0pt minus 2.0pt
* \hoffset=0.0pt
* \voffset=0.0pt
* \mag=1000
* \@twocolumnfalse
* \@twosidefalse
* \@mparswitchfalse
* \@reversemarginfalse
* (1in=72.27pt=25.4mm, 1cm=28.453pt)

Package caption Info: Begin \AtBeginDocument code.
Package caption Info: End \AtBeginDocument code.
LaTeX Font Info:    Trying to load font information for U+wasy on input line 25
.
(/usr/share/texlive/texmf-dist/tex/latex/wasysym/uwasy.fd
File: uwasy.fd 2020/01/19 v2.4 Wasy-2 symbol font definitions
)
LaTeX Font Info:    Trying to load font information for U+msa on input line 25.


(/usr/share/texlive/texmf-dist/tex/latex/amsfonts/umsa.fd
File: umsa.fd 2013/01/14 v3.01 AMS symbols A
)
LaTeX Font Info:    Trying to load font information for U+msb on input line 25.


(/usr/share/texlive/texmf-dist/tex/latex/amsfonts/umsb.fd
File: umsb.fd 2013/01/14 v3.01 AMS symbols B
)

LaTeX Warning: No \author given.

[1

{/var/lib/texmf/fonts/map/pdftex/updmap/pdftex.map}] [1]
<System-Plots/3C263_z=0.140756_sys_plot.png, id=17, 2384.91pt x 1634.2656pt>
File: System-Plots/3C263_z=0.140756_sys_plot.png Graphic file (type png)
<use System-Plots/3C263_z=0.140756_sys_plot.png>
Package pdftex.def Info: System-Plots/3C263_z=0.140756_sys_plot.png  used on in
put line 57.
(pdftex.def)             Requested size: 695.5957pt x 476.643pt.

Overfull \hbox (42.14558pt too wide) in paragraph at lines 55--58
 []|  [] 
 []

[2 <./System-Plots/3C263_z=0.140756_sys_plot.png>]
Underfull \hbox (badness 10000) in paragraph at lines 81--82

 []


Underfull \hbox (badness 10000) in paragraph at lines 83--84

 []


Underfull \hbox (badness 10000) in paragraph at lines 87--89

 []


Underfull \hbox (badness 10000) in paragraph at lines 87--89

 []


Underfull \hbox (badness 10000) in paragraph at lines 90--91

 []

[3


]
<Ionisation-Modelling-Plots/3c263-z=0.140756-compI_logZ=-1.png, id=28, 992.9898
pt x 610.6815pt>
File: Ionisation-Modelling-Plots/3c263-z=0.140756-compI_logZ=-1.png Graphic fil
e (type png)
<use Ionisation-Modelling-Plots/3c263-z=0.140756-compI_logZ=-1.png>
Package pdftex.def Info: Ionisation-Modelling-Plots/3c263-z=0.140756-compI_logZ
=-1.png  used on input line 101.
(pdftex.def)             Requested size: 365.50655pt x 224.78384pt.
<Ionisation-Modelling-Plots/3c263-z=0.140756-compI_logZ=1.png, id=29, 992.9898p
t x 610.6815pt>
File: Ionisation-Modelling-Plots/3c263-z=0.140756-compI_logZ=1.png Graphic file
 (type png)
<use Ionisation-Modelling-Plots/3c263-z=0.140756-compI_logZ=1.png>
Package pdftex.def Info: Ionisation-Modelling-Plots/3c263-z=0.140756-compI_logZ
=1.png  used on input line 107.
(pdftex.def)             Requested size: 365.50655pt x 224.78384pt.
 [4 <./Ionisation-Modelling-Plots/3c263-z=0.140756-compI_logZ=-1.png> <./Ionisa
tion-Modelling-Plots/3c263-z=0.140756-compI_logZ=1.png>]
Underfull \hbox (badness 10000) in paragraph at lines 113--115

 []


Underfull \hbox (badness 10000) in paragraph at lines 113--115

 []

[5]
<System-Plots/PKS0637-752_z=0.161064_sys_plot.png, id=38, 2384.91pt x 1634.2656
pt>
File: System-Plots/PKS0637-752_z=0.161064_sys_plot.png Graphic file (type png)
<use System-Plots/PKS0637-752_z=0.161064_sys_plot.png>
Package pdftex.def Info: System-Plots/PKS0637-752_z=0.161064_sys_plot.png  used
 on input line 135.
(pdftex.def)             Requested size: 695.5957pt x 476.643pt.

Overfull \hbox (42.14558pt too wide) in paragraph at lines 133--136
 []|  [] 
 []

[6 <./System-Plots/PKS0637-752_z=0.161064_sys_plot.png>]
Underfull \hbox (badness 10000) in paragraph at lines 159--160

 []


Underfull \hbox (badness 10000) in paragraph at lines 161--162

 []


Underfull \hbox (badness 10000) in paragraph at lines 165--167

 []


Underfull \hbox (badness 10000) in paragraph at lines 165--167

 []


Underfull \hbox (badness 10000) in paragraph at lines 168--169

 []

[7


]
<Ionisation-Modelling-Plots/pks0637-z=0.161064-compI_logZ=-1.png, id=47, 1178.0
01pt x 637.4214pt>
File: Ionisation-Modelling-Plots/pks0637-z=0.161064-compI_logZ=-1.png Graphic f
ile (type png)
<use Ionisation-Modelling-Plots/pks0637-z=0.161064-compI_logZ=-1.png>
Package pdftex.def Info: Ionisation-Modelling-Plots/pks0637-z=0.161064-compI_lo
gZ=-1.png  used on input line 178.
(pdftex.def)             Requested size: 365.50655pt x 197.77367pt.
<Ionisation-Modelling-Plots/pks0637-z=0.161064-compI_logZ=1.png, id=48, 1001.66
22pt x 610.6815pt>
File: Ionisation-Modelling-Plots/pks0637-z=0.161064-compI_logZ=1.png Graphic fi
le (type png)
<use Ionisation-Modelling-Plots/pks0637-z=0.161064-compI_logZ=1.png>
Package pdftex.def Info: Ionisation-Modelling-Plots/pks0637-z=0.161064-compI_lo
gZ=1.png  used on input line 184.
(pdftex.def)             Requested size: 365.50655pt x 222.83633pt.
 [8 <./Ionisation-Modelling-Plots/pks0637-z=0.161064-compI_logZ=-1.png> <./Ioni
sation-Modelling-Plots/pks0637-z=0.161064-compI_logZ=1.png>]
Underfull \hbox (badness 10000) in paragraph at lines 191--193

 []


Underfull \hbox (badness 10000) in paragraph at lines 191--193

 []

[9]
<System-Plots/PKS0637-752_z=0.417539_sys_plot.png, id=58, 2384.91pt x 1634.2656
pt>
File: System-Plots/PKS0637-752_z=0.417539_sys_plot.png Graphic file (type png)
<use System-Plots/PKS0637-752_z=0.417539_sys_plot.png>
Package pdftex.def Info: System-Plots/PKS0637-752_z=0.417539_sys_plot.png  used
 on input line 213.
(pdftex.def)             Requested size: 695.5957pt x 476.643pt.

Overfull \hbox (42.14558pt too wide) in paragraph at lines 211--214
 []|  [] 
 []

[10 <./System-Plots/PKS0637-752_z=0.417539_sys_plot.png>]
Underfull \hbox (badness 10000) in paragraph at lines 238--239

 []


Underfull \hbox (badness 10000) in paragraph at lines 242--243

 []

<Ionisation-Modelling-Plots/pks0637-z=0.417539-compI.png, id=63, 992.9898pt x 6
10.6815pt>
File: Ionisation-Modelling-Plots/pks0637-z=0.417539-compI.png Graphic file (typ
e png)
<use Ionisation-Modelling-Plots/pks0637-z=0.417539-compI.png>
Package pdftex.def Info: Ionisation-Modelling-Plots/pks0637-z=0.417539-compI.pn
g  used on input line 246.
(pdftex.def)             Requested size: 430.00462pt x 264.45158pt.

Underfull \hbox (badness 10000) in paragraph at lines 244--247

 []

[11


 <./Ionisation-Modelling-Plots/pks0637-z=0.417539-compI.png>]
Underfull \hbox (badness 10000) in paragraph at lines 251--253

 []


Underfull \hbox (badness 10000) in paragraph at lines 251--253

 []

[12]
<System-Plots/PG1424+240_z=0.147104_sys_plot.png, id=72, 2384.91pt x 1634.2656p
t>
File: System-Plots/PG1424+240_z=0.147104_sys_plot.png Graphic file (type png)
<use System-Plots/PG1424+240_z=0.147104_sys_plot.png>
Package pdftex.def Info: System-Plots/PG1424+240_z=0.147104_sys_plot.png  used 
on input line 271.
(pdftex.def)             Requested size: 695.5957pt x 476.643pt.

Overfull \hbox (42.14558pt too wide) in paragraph at lines 269--272
 []|  [] 
 []

[13 <./System-Plots/PG1424+240_z=0.147104_sys_plot.png>]
Underfull \hbox (badness 10000) in paragraph at lines 302--303

 []


Underfull \hbox (badness 10000) in paragraph at lines 306--308

 []


Underfull \hbox (badness 10000) in paragraph at lines 306--308

 []


Underfull \hbox (badness 10000) in paragraph at lines 309--310

 []


Underfull \hbox (badness 10000) in paragraph at lines 313--315

 []


Underfull \hbox (badness 10000) in paragraph at lines 313--315

 []

[14


]
<Ionisation-Modelling-Plots/pg1424-z=0.147104-compIII.png, id=80, 1168.6059pt x
 637.4214pt>
File: Ionisation-Modelling-Plots/pg1424-z=0.147104-compIII.png Graphic file (ty
pe png)
<use Ionisation-Modelling-Plots/pg1424-z=0.147104-compIII.png>
Package pdftex.def Info: Ionisation-Modelling-Plots/pg1424-z=0.147104-compIII.p
ng  used on input line 319.
(pdftex.def)             Requested size: 387.00153pt x 211.0889pt.
<Ionisation-Modelling-Plots/pg1424-z=0.147104-compII.png, id=81, 992.9898pt x 6
10.6815pt>
File: Ionisation-Modelling-Plots/pg1424-z=0.147104-compII.png Graphic file (typ
e png)
<use Ionisation-Modelling-Plots/pg1424-z=0.147104-compII.png>
Package pdftex.def Info: Ionisation-Modelling-Plots/pg1424-z=0.147104-compII.pn
g  used on input line 324.
(pdftex.def)             Requested size: 387.00153pt x 238.00642pt.
 [15 <./Ionisation-Modelling-Plots/pg1424-z=0.147104-compIII.png> <./Ionisation
-Modelling-Plots/pg1424-z=0.147104-compII.png>]
Underfull \hbox (badness 10000) in paragraph at lines 330--332

 []


Underfull \hbox (badness 10000) in paragraph at lines 330--332

 []

[16]
<System-Plots/PG0003+158_z=0.386089_sys_plot.png, id=90, 2384.91pt x 1634.2656p
t>
File: System-Plots/PG0003+158_z=0.386089_sys_plot.png Graphic file (type png)
<use System-Plots/PG0003+158_z=0.386089_sys_plot.png>
Package pdftex.def Info: System-Plots/PG0003+158_z=0.386089_sys_plot.png  used 
on input line 351.
(pdftex.def)             Requested size: 695.5957pt x 476.643pt.

Overfull \hbox (42.14558pt too wide) in paragraph at lines 349--352
 []|  [] 
 []

[17 <./System-Plots/PG0003+158_z=0.386089_sys_plot.png>]
Underfull \hbox (badness 10000) in paragraph at lines 378--379

 []

<Ionisation-Modelling-Plots/pg0003-z=0.386089-compI.png, id=95, 992.9898pt x 61
0.6815pt>
File: Ionisation-Modelling-Plots/pg0003-z=0.386089-compI.png Graphic file (type
 png)
<use Ionisation-Modelling-Plots/pg0003-z=0.386089-compI.png>
Package pdftex.def Info: Ionisation-Modelling-Plots/pg0003-z=0.386089-compI.png
  used on input line 384.
(pdftex.def)             Requested size: 430.00462pt x 264.45158pt.

Underfull \hbox (badness 10000) in paragraph at lines 382--385

 []

[18


 <./Ionisation-Modelling-Plots/pg0003-z=0.386089-compI.png>]
Underfull \hbox (badness 10000) in paragraph at lines 389--391

 []


Underfull \hbox (badness 10000) in paragraph at lines 389--391

 []

[19]
<System-Plots/PG0003+158_z=0.421923_sys_plot.png, id=104, 2384.91pt x 1634.2656
pt>
File: System-Plots/PG0003+158_z=0.421923_sys_plot.png Graphic file (type png)
<use System-Plots/PG0003+158_z=0.421923_sys_plot.png>
Package pdftex.def Info: System-Plots/PG0003+158_z=0.421923_sys_plot.png  used 
on input line 409.
(pdftex.def)             Requested size: 695.5957pt x 476.643pt.

Overfull \hbox (42.14558pt too wide) in paragraph at lines 407--410
 []|  [] 
 []

[20 <./System-Plots/PG0003+158_z=0.421923_sys_plot.png>]
Underfull \hbox (badness 10000) in paragraph at lines 435--436

 []


Underfull \hbox (badness 10000) in paragraph at lines 439--440

 []

<Ionisation-Modelling-Plots/pg0003-z=0.421923-compII.png, id=109, 978.5358pt x 
610.6815pt>
File: Ionisation-Modelling-Plots/pg0003-z=0.421923-compII.png Graphic file (typ
e png)
<use Ionisation-Modelling-Plots/pg0003-z=0.421923-compII.png>
Package pdftex.def Info: Ionisation-Modelling-Plots/pg0003-z=0.421923-compII.pn
g  used on input line 443.
(pdftex.def)             Requested size: 430.00462pt x 268.35591pt.

Underfull \hbox (badness 10000) in paragraph at lines 441--444

 []

[21


 <./Ionisation-Modelling-Plots/pg0003-z=0.421923-compII.png>]
Underfull \hbox (badness 10000) in paragraph at lines 448--450

 []


Underfull \hbox (badness 10000) in paragraph at lines 448--450

 []

[22]
<System-Plots/PG1216+069_z=0.282286_sys_plot.png, id=117, 2384.91pt x 1634.2656
pt>
File: System-Plots/PG1216+069_z=0.282286_sys_plot.png Graphic file (type png)
<use System-Plots/PG1216+069_z=0.282286_sys_plot.png>
Package pdftex.def Info: System-Plots/PG1216+069_z=0.282286_sys_plot.png  used 
on input line 470.
(pdftex.def)             Requested size: 695.5957pt x 476.643pt.

Overfull \hbox (42.14558pt too wide) in paragraph at lines 468--471
 []|  [] 
 []

[23 <./System-Plots/PG1216+069_z=0.282286_sys_plot.png>]
Underfull \hbox (badness 10000) in paragraph at lines 498--499

 []


Underfull \hbox (badness 10000) in paragraph at lines 502--503

 []


Underfull \hbox (badness 10000) in paragraph at lines 504--506

 []


Underfull \hbox (badness 10000) in paragraph at lines 504--506

 []


Underfull \hbox (badness 10000) in paragraph at lines 507--508

 []


Underfull \hbox (badness 10000) in paragraph at lines 511--512

 []

[24


]
<Ionisation-Modelling-Plots/pg1216-z=0.282286-compI.png, id=126, 978.5358pt x 6
10.6815pt>
File: Ionisation-Modelling-Plots/pg1216-z=0.282286-compI.png Graphic file (type
 png)
<use Ionisation-Modelling-Plots/pg1216-z=0.282286-compI.png>
Package pdftex.def Info: Ionisation-Modelling-Plots/pg1216-z=0.282286-compI.png
  used on input line 521.
(pdftex.def)             Requested size: 365.50655pt x 228.10114pt.
<Ionisation-Modelling-Plots/pg1216-z=0.282286-compII.png, id=127, 978.5358pt x 
610.6815pt>
File: Ionisation-Modelling-Plots/pg1216-z=0.282286-compII.png Graphic file (typ
e png)
<use Ionisation-Modelling-Plots/pg1216-z=0.282286-compII.png>
Package pdftex.def Info: Ionisation-Modelling-Plots/pg1216-z=0.282286-compII.pn
g  used on input line 527.
(pdftex.def)             Requested size: 365.50655pt x 228.10114pt.
 [25 <./Ionisation-Modelling-Plots/pg1216-z=0.282286-compI.png> <./Ionisation-M
odelling-Plots/pg1216-z=0.282286-compII.png>]
Underfull \hbox (badness 10000) in paragraph at lines 534--536

 []


Underfull \hbox (badness 10000) in paragraph at lines 534--536

 []

[26]
<System-Plots/SDSSJ135712.61+170444_z=0.097869_sys_plot.png, id=136, 2384.91pt 
x 1634.2656pt>
File: System-Plots/SDSSJ135712.61+170444_z=0.097869_sys_plot.png Graphic file (
type png)
<use System-Plots/SDSSJ135712.61+170444_z=0.097869_sys_plot.png>
Package pdftex.def Info: System-Plots/SDSSJ135712.61+170444_z=0.097869_sys_plot
.png  used on input line 555.
(pdftex.def)             Requested size: 695.5957pt x 476.643pt.

Overfull \hbox (42.14558pt too wide) in paragraph at lines 553--556
 []|  [] 
 []

[27 <./System-Plots/SDSSJ135712.61+170444_z=0.097869_sys_plot.png>]
Underfull \hbox (badness 10000) in paragraph at lines 590--591

 []


Underfull \hbox (badness 10000) in paragraph at lines 594--596

 []


Underfull \hbox (badness 10000) in paragraph at lines 594--596

 []


Underfull \hbox (badness 10000) in paragraph at lines 597--598

 []


Underfull \hbox (badness 10000) in paragraph at lines 603--604

 []


Underfull \hbox (badness 10000) in paragraph at lines 609--610

 []

[28


]
<Ionisation-Modelling-Plots/s135712-z=0.097869-compII.png, id=144, 992.9898pt x
 610.6815pt>
File: Ionisation-Modelling-Plots/s135712-z=0.097869-compII.png Graphic file (ty
pe png)
<use Ionisation-Modelling-Plots/s135712-z=0.097869-compII.png>
Package pdftex.def Info: Ionisation-Modelling-Plots/s135712-z=0.097869-compII.p
ng  used on input line 618.
(pdftex.def)             Requested size: 365.50655pt x 224.78384pt.
<Ionisation-Modelling-Plots/s135712-z=0.097869-compIII_logZ=-1.png, id=145, 992
.9898pt x 610.6815pt>
File: Ionisation-Modelling-Plots/s135712-z=0.097869-compIII_logZ=-1.png Graphic
 file (type png)
<use Ionisation-Modelling-Plots/s135712-z=0.097869-compIII_logZ=-1.png>
Package pdftex.def Info: Ionisation-Modelling-Plots/s135712-z=0.097869-compIII_
logZ=-1.png  used on input line 624.
(pdftex.def)             Requested size: 365.50655pt x 224.78384pt.
<Ionisation-Modelling-Plots/s135712-z=0.097869-compIII_logZ=1.png, id=146, 992.
9898pt x 610.6815pt>
File: Ionisation-Modelling-Plots/s135712-z=0.097869-compIII_logZ=1.png Graphic 
file (type png)
<use Ionisation-Modelling-Plots/s135712-z=0.097869-compIII_logZ=1.png>
Package pdftex.def Info: Ionisation-Modelling-Plots/s135712-z=0.097869-compIII_
logZ=1.png  used on input line 630.
(pdftex.def)             Requested size: 365.50655pt x 224.78384pt.


LaTeX Warning: `!h' float specifier changed to `!ht'.

[29 <./Ionisation-Modelling-Plots/s135712-z=0.097869-compII.png> <./Ionisation-
Modelling-Plots/s135712-z=0.097869-compIII_logZ=-1.png>]
Underfull \hbox (badness 10000) in paragraph at lines 637--639

 []


Underfull \hbox (badness 10000) in paragraph at lines 637--639

 []

[30 <./Ionisation-Modelling-Plots/s135712-z=0.097869-compIII_logZ=1.png>]
<System-Plots/1ES1553+113_z=0.187764_sys_plot.png, id=157, 2384.91pt x 1634.265
6pt>
File: System-Plots/1ES1553+113_z=0.187764_sys_plot.png Graphic file (type png)
<use System-Plots/1ES1553+113_z=0.187764_sys_plot.png>
Package pdftex.def Info: System-Plots/1ES1553+113_z=0.187764_sys_plot.png  used
 on input line 659.
(pdftex.def)             Requested size: 695.5957pt x 476.643pt.

Overfull \hbox (42.14558pt too wide) in paragraph at lines 657--660
 []|  [] 
 []

[31 <./System-Plots/1ES1553+113_z=0.187764_sys_plot.png>]
Underfull \hbox (badness 10000) in paragraph at lines 691--692

 []


Underfull \hbox (badness 10000) in paragraph at lines 695--698

 []


Underfull \hbox (badness 10000) in paragraph at lines 695--698

 []


Underfull \hbox (badness 10000) in paragraph at lines 699--700

 []


Underfull \hbox (badness 10000) in paragraph at lines 703--705

 []


Underfull \hbox (badness 10000) in paragraph at lines 703--705

 []

[32


]
<Ionisation-Modelling-Plots/1es1553-z=0.187764-compI.png, id=165, 992.9898pt x 
610.6815pt>
File: Ionisation-Modelling-Plots/1es1553-z=0.187764-compI.png Graphic file (typ
e png)
<use Ionisation-Modelling-Plots/1es1553-z=0.187764-compI.png>
Package pdftex.def Info: Ionisation-Modelling-Plots/1es1553-z=0.187764-compI.pn
g  used on input line 712.
(pdftex.def)             Requested size: 365.50655pt x 224.78384pt.
<Ionisation-Modelling-Plots/1es1553-z=0.187764-compII.png, id=166, 992.9898pt x
 610.6815pt>
File: Ionisation-Modelling-Plots/1es1553-z=0.187764-compII.png Graphic file (ty
pe png)
<use Ionisation-Modelling-Plots/1es1553-z=0.187764-compII.png>
Package pdftex.def Info: Ionisation-Modelling-Plots/1es1553-z=0.187764-compII.p
ng  used on input line 718.
(pdftex.def)             Requested size: 365.50655pt x 224.78384pt.
 [33 <./Ionisation-Modelling-Plots/1es1553-z=0.187764-compI.png> <./Ionisation-
Modelling-Plots/1es1553-z=0.187764-compII.png>]
Underfull \hbox (badness 10000) in paragraph at lines 725--727

 []


Underfull \hbox (badness 10000) in paragraph at lines 725--727

 []

[34]
<System-Plots/SBS1108+560_z=0.463207_sys_plot.png, id=175, 2384.91pt x 1634.265
6pt>
File: System-Plots/SBS1108+560_z=0.463207_sys_plot.png Graphic file (type png)
<use System-Plots/SBS1108+560_z=0.463207_sys_plot.png>
Package pdftex.def Info: System-Plots/SBS1108+560_z=0.463207_sys_plot.png  used
 on input line 745.
(pdftex.def)             Requested size: 695.5957pt x 476.643pt.

Overfull \hbox (42.14558pt too wide) in paragraph at lines 743--746
 []|  [] 
 []

[35 <./System-Plots/SBS1108+560_z=0.463207_sys_plot.png>]
Underfull \hbox (badness 10000) in paragraph at lines 783--784

 []


Underfull \hbox (badness 10000) in paragraph at lines 787--792

 []


Underfull \hbox (badness 10000) in paragraph at lines 787--792

 []


Underfull \hbox (badness 10000) in paragraph at lines 787--792

 []


Underfull \hbox (badness 10000) in paragraph at lines 795--797

 []


Underfull \hbox (badness 10000) in paragraph at lines 795--797

 []


Underfull \hbox (badness 10000) in paragraph at lines 800--801

 []

[36


]
Underfull \hbox (badness 10000) in paragraph at lines 804--807

 []


Underfull \hbox (badness 10000) in paragraph at lines 804--807

 []


Underfull \hbox (badness 10000) in paragraph at lines 810--813

 []

[37]
<Ionisation-Modelling-Plots/sbs1108-z=0.463207-compIII_logZ=-1.png, id=187, 978
.5358pt x 610.6815pt>
File: Ionisation-Modelling-Plots/sbs1108-z=0.463207-compIII_logZ=-1.png Graphic
 file (type png)
<use Ionisation-Modelling-Plots/sbs1108-z=0.463207-compIII_logZ=-1.png>
Package pdftex.def Info: Ionisation-Modelling-Plots/sbs1108-z=0.463207-compIII_
logZ=-1.png  used on input line 820.
(pdftex.def)             Requested size: 365.50655pt x 228.10114pt.
<Ionisation-Modelling-Plots/sbs1108-z=0.463207-compII_logZ=-1.png, id=188, 978.
5358pt x 610.6815pt>
File: Ionisation-Modelling-Plots/sbs1108-z=0.463207-compII_logZ=-1.png Graphic 
file (type png)
<use Ionisation-Modelling-Plots/sbs1108-z=0.463207-compII_logZ=-1.png>
Package pdftex.def Info: Ionisation-Modelling-Plots/sbs1108-z=0.463207-compII_l
ogZ=-1.png  used on input line 827.
(pdftex.def)             Requested size: 365.50655pt x 228.10114pt.
 [38 <./Ionisation-Modelling-Plots/sbs1108-z=0.463207-compIII_logZ=-1.png> <./I
onisation-Modelling-Plots/sbs1108-z=0.463207-compII_logZ=-1.png>]
<Ionisation-Modelling-Plots/sbs1108-z=0.463207-compIII_logZ=1.png, id=194, 978.
5358pt x 610.6815pt>
File: Ionisation-Modelling-Plots/sbs1108-z=0.463207-compIII_logZ=1.png Graphic 
file (type png)
<use Ionisation-Modelling-Plots/sbs1108-z=0.463207-compIII_logZ=1.png>
Package pdftex.def Info: Ionisation-Modelling-Plots/sbs1108-z=0.463207-compIII_
logZ=1.png  used on input line 835.
(pdftex.def)             Requested size: 365.50655pt x 228.10114pt.
<Ionisation-Modelling-Plots/sbs1108-z=0.463207-compII_logZ=1.png, id=195, 978.5
358pt x 610.6815pt>
File: Ionisation-Modelling-Plots/sbs1108-z=0.463207-compII_logZ=1.png Graphic f
ile (type png)
<use Ionisation-Modelling-Plots/sbs1108-z=0.463207-compII_logZ=1.png>
Package pdftex.def Info: Ionisation-Modelling-Plots/sbs1108-z=0.463207-compII_l
ogZ=1.png  used on input line 842.
(pdftex.def)             Requested size: 365.50655pt x 228.10114pt.
 [39 <./Ionisation-Modelling-Plots/sbs1108-z=0.463207-compIII_logZ=1.png> <./Io
nisation-Modelling-Plots/sbs1108-z=0.463207-compII_logZ=1.png>]
Underfull \hbox (badness 10000) in paragraph at lines 849--851

 []


Underfull \hbox (badness 10000) in paragraph at lines 849--851

 []

[40]
<System-Plots/PG1222+216_z=0.378389_sys_plot.png, id=204, 2384.91pt x 1634.2656
pt>
File: System-Plots/PG1222+216_z=0.378389_sys_plot.png Graphic file (type png)
<use System-Plots/PG1222+216_z=0.378389_sys_plot.png>
Package pdftex.def Info: System-Plots/PG1222+216_z=0.378389_sys_plot.png  used 
on input line 871.
(pdftex.def)             Requested size: 695.5957pt x 476.643pt.

Overfull \hbox (42.14558pt too wide) in paragraph at lines 869--872
 []|  [] 
 []

[41 <./System-Plots/PG1222+216_z=0.378389_sys_plot.png>]
Underfull \hbox (badness 10000) in paragraph at lines 910--911

 []

<Ionisation-Modelling-Plots/pg1222-z=0.378389-compVI.png, id=209, 978.5358pt x 
610.6815pt>
File: Ionisation-Modelling-Plots/pg1222-z=0.378389-compVI.png Graphic file (typ
e png)
<use Ionisation-Modelling-Plots/pg1222-z=0.378389-compVI.png>
Package pdftex.def Info: Ionisation-Modelling-Plots/pg1222-z=0.378389-compVI.pn
g  used on input line 916.
(pdftex.def)             Requested size: 430.00462pt x 268.35591pt.

Underfull \hbox (badness 10000) in paragraph at lines 914--917

 []

[42


] [43 <./Ionisation-Modelling-Plots/pg1222-z=0.378389-compVI.png>]
Underfull \hbox (badness 10000) in paragraph at lines 921--923

 []


Underfull \hbox (badness 10000) in paragraph at lines 921--923

 []

[44]
<System-Plots/PG1116+215_z=0.138527_sys_plot.png, id=221, 2384.91pt x 1634.2656
pt>
File: System-Plots/PG1116+215_z=0.138527_sys_plot.png Graphic file (type png)
<use System-Plots/PG1116+215_z=0.138527_sys_plot.png>
Package pdftex.def Info: System-Plots/PG1116+215_z=0.138527_sys_plot.png  used 
on input line 941.
(pdftex.def)             Requested size: 695.5957pt x 476.643pt.

Overfull \hbox (42.14558pt too wide) in paragraph at lines 939--942
 []|  [] 
 []

[45 <./System-Plots/PG1116+215_z=0.138527_sys_plot.png>]
Underfull \hbox (badness 10000) in paragraph at lines 976--977

 []


Underfull \hbox (badness 10000) in paragraph at lines 978--979

 []


Underfull \hbox (badness 10000) in paragraph at lines 982--985

 []


Underfull \hbox (badness 10000) in paragraph at lines 982--985

 []


Underfull \hbox (badness 10000) in paragraph at lines 982--985

 []

[46


]
<Ionisation-Modelling-Plots/pg1116-z=0.138527-compII_logZ=-1.png, id=229, 992.9
898pt x 610.6815pt>
File: Ionisation-Modelling-Plots/pg1116-z=0.138527-compII_logZ=-1.png Graphic f
ile (type png)
<use Ionisation-Modelling-Plots/pg1116-z=0.138527-compII_logZ=-1.png>
Package pdftex.def Info: Ionisation-Modelling-Plots/pg1116-z=0.138527-compII_lo
gZ=-1.png  used on input line 996.
(pdftex.def)             Requested size: 365.50655pt x 224.78384pt.
<Ionisation-Modelling-Plots/pg1116-z=0.138527-compII_logZ=1.png, id=230, 992.98
98pt x 610.6815pt>
File: Ionisation-Modelling-Plots/pg1116-z=0.138527-compII_logZ=1.png Graphic fi
le (type png)
<use Ionisation-Modelling-Plots/pg1116-z=0.138527-compII_logZ=1.png>
Package pdftex.def Info: Ionisation-Modelling-Plots/pg1116-z=0.138527-compII_lo
gZ=1.png  used on input line 1002.
(pdftex.def)             Requested size: 365.50655pt x 224.78384pt.
 [47 <./Ionisation-Modelling-Plots/pg1116-z=0.138527-compII_logZ=-1.png> <./Ion
isation-Modelling-Plots/pg1116-z=0.138527-compII_logZ=1.png>]
Underfull \hbox (badness 10000) in paragraph at lines 1009--1011

 []


Underfull \hbox (badness 10000) in paragraph at lines 1009--1011

 []

[48]
<System-Plots/H1821+643_z=0.170006_sys_plot.png, id=240, 2384.91pt x 1634.2656p
t>
File: System-Plots/H1821+643_z=0.170006_sys_plot.png Graphic file (type png)
<use System-Plots/H1821+643_z=0.170006_sys_plot.png>
Package pdftex.def Info: System-Plots/H1821+643_z=0.170006_sys_plot.png  used o
n input line 1029.
(pdftex.def)             Requested size: 695.5957pt x 476.643pt.

Overfull \hbox (42.14558pt too wide) in paragraph at lines 1027--1030
 []|  [] 
 []

[49 <./System-Plots/H1821+643_z=0.170006_sys_plot.png>]
Underfull \hbox (badness 10000) in paragraph at lines 1061--1062

 []


Underfull \hbox (badness 10000) in paragraph at lines 1065--1066

 []


Underfull \hbox (badness 10000) in paragraph at lines 1067--1068

 []


Underfull \hbox (badness 10000) in paragraph at lines 1071--1072

 []


Underfull \hbox (badness 10000) in paragraph at lines 1075--1076

 []


Underfull \hbox (badness 10000) in paragraph at lines 1079--1081

 []


Underfull \hbox (badness 10000) in paragraph at lines 1079--1081

 []


Underfull \hbox (badness 10000) in paragraph at lines 1082--1083

 []

[50


]
<Ionisation-Modelling-Plots/h1821-z=0.170006-compII_logZ=-1.png, id=249, 992.98
98pt x 610.6815pt>
File: Ionisation-Modelling-Plots/h1821-z=0.170006-compII_logZ=-1.png Graphic fi
le (type png)
<use Ionisation-Modelling-Plots/h1821-z=0.170006-compII_logZ=-1.png>
Package pdftex.def Info: Ionisation-Modelling-Plots/h1821-z=0.170006-compII_log
Z=-1.png  used on input line 1093.
(pdftex.def)             Requested size: 365.50655pt x 224.78384pt.
<Ionisation-Modelling-Plots/h1821-z=0.170006-compIII_logZ=-1.png, id=250, 992.9
898pt x 610.6815pt>
File: Ionisation-Modelling-Plots/h1821-z=0.170006-compIII_logZ=-1.png Graphic f
ile (type png)
<use Ionisation-Modelling-Plots/h1821-z=0.170006-compIII_logZ=-1.png>
Package pdftex.def Info: Ionisation-Modelling-Plots/h1821-z=0.170006-compIII_lo
gZ=-1.png  used on input line 1099.
(pdftex.def)             Requested size: 365.50655pt x 224.78384pt.
 [51 <./Ionisation-Modelling-Plots/h1821-z=0.170006-compII_logZ=-1.png> <./Ioni
sation-Modelling-Plots/h1821-z=0.170006-compIII_logZ=-1.png>]
<Ionisation-Modelling-Plots/h1821-z=0.170006-compII.png, id=256, 992.9898pt x 6
10.6815pt>
File: Ionisation-Modelling-Plots/h1821-z=0.170006-compII.png Graphic file (type
 png)
<use Ionisation-Modelling-Plots/h1821-z=0.170006-compII.png>
Package pdftex.def Info: Ionisation-Modelling-Plots/h1821-z=0.170006-compII.png
  used on input line 1108.
(pdftex.def)             Requested size: 365.50655pt x 224.78384pt.
<Ionisation-Modelling-Plots/h1821-z=0.170006-compIII.png, id=257, 992.9898pt x 
610.6815pt>
File: Ionisation-Modelling-Plots/h1821-z=0.170006-compIII.png Graphic file (typ
e png)
<use Ionisation-Modelling-Plots/h1821-z=0.170006-compIII.png>
Package pdftex.def Info: Ionisation-Modelling-Plots/h1821-z=0.170006-compIII.pn
g  used on input line 1114.
(pdftex.def)             Requested size: 365.50655pt x 224.78384pt.
 [52 <./Ionisation-Modelling-Plots/h1821-z=0.170006-compII.png> <./Ionisation-M
odelling-Plots/h1821-z=0.170006-compIII.png>]
Underfull \hbox (badness 10000) in paragraph at lines 1121--1123

 []


Underfull \hbox (badness 10000) in paragraph at lines 1121--1123

 []

[53]
<System-Plots/H1821+643_z=0.224981_sys_plot.png, id=266, 2384.91pt x 1634.2656p
t>
File: System-Plots/H1821+643_z=0.224981_sys_plot.png Graphic file (type png)
<use System-Plots/H1821+643_z=0.224981_sys_plot.png>
Package pdftex.def Info: System-Plots/H1821+643_z=0.224981_sys_plot.png  used o
n input line 1141.
(pdftex.def)             Requested size: 695.5957pt x 476.643pt.

Overfull \hbox (42.14558pt too wide) in paragraph at lines 1139--1142
 []|  [] 
 []

[54 <./System-Plots/H1821+643_z=0.224981_sys_plot.png>]
Underfull \hbox (badness 10000) in paragraph at lines 1177--1178

 []


Underfull \hbox (badness 10000) in paragraph at lines 1181--1182

 []


Underfull \hbox (badness 10000) in paragraph at lines 1183--1184

 []


Underfull \hbox (badness 10000) in paragraph at lines 1187--1188

 []

[55


]
<Ionisation-Modelling-Plots/h1821-z=0.224981-compII.png, id=275, 1166.4378pt x 
601.2864pt>
File: Ionisation-Modelling-Plots/h1821-z=0.224981-compII.png Graphic file (type
 png)
<use Ionisation-Modelling-Plots/h1821-z=0.224981-compII.png>
Package pdftex.def Info: Ionisation-Modelling-Plots/h1821-z=0.224981-compII.png
  used on input line 1196.
(pdftex.def)             Requested size: 365.50655pt x 188.41533pt.
<Ionisation-Modelling-Plots/h1821-z=0.224981-compIV.png, id=276, 1184.5053pt x 
601.2864pt>
File: Ionisation-Modelling-Plots/h1821-z=0.224981-compIV.png Graphic file (type
 png)
<use Ionisation-Modelling-Plots/h1821-z=0.224981-compIV.png>
Package pdftex.def Info: Ionisation-Modelling-Plots/h1821-z=0.224981-compIV.png
  used on input line 1202.
(pdftex.def)             Requested size: 365.50655pt x 185.53441pt.
 [56 <./Ionisation-Modelling-Plots/h1821-z=0.224981-compII.png> <./Ionisation-M
odelling-Plots/h1821-z=0.224981-compIV.png>]
Underfull \hbox (badness 10000) in paragraph at lines 1209--1211

 []


Underfull \hbox (badness 10000) in paragraph at lines 1209--1211

 []

[57]
<System-Plots/PG1121+422_z=0.192393_sys_plot.png, id=285, 2384.91pt x 1634.2656
pt>
File: System-Plots/PG1121+422_z=0.192393_sys_plot.png Graphic file (type png)
<use System-Plots/PG1121+422_z=0.192393_sys_plot.png>
Package pdftex.def Info: System-Plots/PG1121+422_z=0.192393_sys_plot.png  used 
on input line 1228.
(pdftex.def)             Requested size: 695.5957pt x 476.643pt.

Overfull \hbox (42.14558pt too wide) in paragraph at lines 1226--1229
 []|  [] 
 []

[58 <./System-Plots/PG1121+422_z=0.192393_sys_plot.png>]
Underfull \hbox (badness 10000) in paragraph at lines 1263--1264

 []


Underfull \hbox (badness 10000) in paragraph at lines 1269--1270

 []


Underfull \hbox (badness 10000) in paragraph at lines 1275--1276

 []


Underfull \hbox (badness 10000) in paragraph at lines 1275--1276

 []


Underfull \hbox (badness 10000) in paragraph at lines 1281--1282

 []

[59


]
<Ionisation-Modelling-Plots/pg1121-z=0.192393-compI_logZ=-1.png, id=293, 1154.1
519pt x 637.4214pt>
File: Ionisation-Modelling-Plots/pg1121-z=0.192393-compI_logZ=-1.png Graphic fi
le (type png)
<use Ionisation-Modelling-Plots/pg1121-z=0.192393-compI_logZ=-1.png>
Package pdftex.def Info: Ionisation-Modelling-Plots/pg1121-z=0.192393-compI_log
Z=-1.png  used on input line 1290.
(pdftex.def)             Requested size: 365.50655pt x 201.85869pt.
<Ionisation-Modelling-Plots/pg1121-z=0.192393-compI.png, id=294, 978.5358pt x 6
10.6815pt>
File: Ionisation-Modelling-Plots/pg1121-z=0.192393-compI.png Graphic file (type
 png)
<use Ionisation-Modelling-Plots/pg1121-z=0.192393-compI.png>
Package pdftex.def Info: Ionisation-Modelling-Plots/pg1121-z=0.192393-compI.png
  used on input line 1296.
(pdftex.def)             Requested size: 365.50655pt x 228.10114pt.
<Ionisation-Modelling-Plots/pg1121-z=0.192393-compII.png, id=295, 978.5358pt x 
610.6815pt>
File: Ionisation-Modelling-Plots/pg1121-z=0.192393-compII.png Graphic file (typ
e png)
<use Ionisation-Modelling-Plots/pg1121-z=0.192393-compII.png>
Package pdftex.def Info: Ionisation-Modelling-Plots/pg1121-z=0.192393-compII.pn
g  used on input line 1302.
(pdftex.def)             Requested size: 365.50655pt x 228.10114pt.
 [60 <./Ionisation-Modelling-Plots/pg1121-z=0.192393-compI_logZ=-1.png> <./Ioni
sation-Modelling-Plots/pg1121-z=0.192393-compI.png>]
Underfull \hbox (badness 10000) in paragraph at lines 1310--1312

 []


Underfull \hbox (badness 10000) in paragraph at lines 1310--1312

 []

[61 <./Ionisation-Modelling-Plots/pg1121-z=0.192393-compII.png>]
<System-Plots/PKS0405-123_z=0.167125_sys_plot.png, id=306, 2384.91pt x 1634.265
6pt>
File: System-Plots/PKS0405-123_z=0.167125_sys_plot.png Graphic file (type png)
<use System-Plots/PKS0405-123_z=0.167125_sys_plot.png>
Package pdftex.def Info: System-Plots/PKS0405-123_z=0.167125_sys_plot.png  used
 on input line 1333.
(pdftex.def)             Requested size: 695.5957pt x 476.643pt.

Overfull \hbox (42.14558pt too wide) in paragraph at lines 1331--1334
 []|  [] 
 []

[62 <./System-Plots/PKS0405-123_z=0.167125_sys_plot.png>] [63


]
Underfull \hbox (badness 10000) in paragraph at lines 1387--1388

 []


Underfull \hbox (badness 10000) in paragraph at lines 1391--1393

 []


Underfull \hbox (badness 10000) in paragraph at lines 1391--1393

 []


Underfull \hbox (badness 10000) in paragraph at lines 1394--1395

 []


Underfull \hbox (badness 10000) in paragraph at lines 1398--1400

 []


Underfull \hbox (badness 10000) in paragraph at lines 1398--1400

 []

[64]
<Ionisation-Modelling-Plots/pks0405-z=0.167125-compII.png, id=317, 992.9898pt x
 610.6815pt>
File: Ionisation-Modelling-Plots/pks0405-z=0.167125-compII.png Graphic file (ty
pe png)
<use Ionisation-Modelling-Plots/pks0405-z=0.167125-compII.png>
Package pdftex.def Info: Ionisation-Modelling-Plots/pks0405-z=0.167125-compII.p
ng  used on input line 1407.
(pdftex.def)             Requested size: 365.50655pt x 224.78384pt.
<Ionisation-Modelling-Plots/pks0405-z=0.167125-compIV.png, id=318, 978.5358pt x
 610.6815pt>
File: Ionisation-Modelling-Plots/pks0405-z=0.167125-compIV.png Graphic file (ty
pe png)
<use Ionisation-Modelling-Plots/pks0405-z=0.167125-compIV.png>
Package pdftex.def Info: Ionisation-Modelling-Plots/pks0405-z=0.167125-compIV.p
ng  used on input line 1413.
(pdftex.def)             Requested size: 365.50655pt x 228.10114pt.
 [65 <./Ionisation-Modelling-Plots/pks0405-z=0.167125-compII.png> <./Ionisation
-Modelling-Plots/pks0405-z=0.167125-compIV.png>]
Underfull \hbox (badness 10000) in paragraph at lines 1420--1422

 []


Underfull \hbox (badness 10000) in paragraph at lines 1420--1422

 []

[66]
Underfull \hbox (badness 10000) in paragraph at lines 1434--1435

 []


Underfull \hbox (badness 10000) in paragraph at lines 1444--1445

 []


Underfull \hbox (badness 10000) in paragraph at lines 1444--1445

 []

<Distribution_NH_b.png, id=328, 1141.866pt x 612.1269pt>
File: Distribution_NH_b.png Graphic file (type png)
<use Distribution_NH_b.png>
Package pdftex.def Info: Distribution_NH_b.png  used on input line 1449.
(pdftex.def)             Requested size: 430.00462pt x 230.5184pt.
<NH_vs_b_1.png, id=329, 1164.9924pt x 589.0005pt>
File: NH_vs_b_1.png Graphic file (type png)
<use NH_vs_b_1.png>
Package pdftex.def Info: NH_vs_b_1.png  used on input line 1455.
(pdftex.def)             Requested size: 430.00462pt x 217.4055pt.

LaTeX Warning: `h' float specifier changed to `ht'.

[67 <./Distribution_NH_b.png>] [68 <./NH_vs_b_1.png>]
(./Ionisation-Modelling-Results.aux) ) 
Here is how much of TeX's memory you used:
 5196 strings out of 480247
 98222 string characters out of 5896151
 374334 words of memory out of 5000000
 23034 multiletter control sequences out of 15000+600000
 482782 words of font info for 80 fonts, out of 8000000 for 9000
 14 hyphenation exceptions out of 8191
 55i,12n,63p,319b,330s stack positions out of 5000i,500n,10000p,200000b,80000s
{/usr/share/texmf/fonts/enc/dvips/cm-supe
r/cm-super-ts1.enc}</usr/share/texlive/texmf-dist/fonts/type1/public/amsfonts/c
m/cmbx12.pfb></usr/share/texlive/texmf-dist/fonts/type1/public/amsfonts/cm/cmbx
8.pfb></usr/share/texlive/texmf-dist/fonts/type1/public/amsfonts/cm/cmcsc10.pfb
></usr/share/texlive/texmf-dist/fonts/type1/public/amsfonts/cm/cmmi10.pfb></usr
/share/texlive/texmf-dist/fonts/type1/public/amsfonts/cm/cmmi12.pfb></usr/share
/texlive/texmf-dist/fonts/type1/public/amsfonts/cm/cmmi8.pfb></usr/share/texliv
e/texmf-dist/fonts/type1/public/amsfonts/cm/cmr12.pfb></usr/share/texlive/texmf
-dist/fonts/type1/public/amsfonts/cm/cmr8.pfb></usr/share/texlive/texmf-dist/fo
nts/type1/public/amsfonts/cm/cmsy10.pfb></usr/share/texlive/texmf-dist/fonts/ty
pe1/public/amsfonts/cm/cmsy8.pfb></usr/share/texlive/texmf-dist/fonts/type1/pub
lic/amsfonts/cm/cmti12.pfb></usr/share/texmf/fonts/type1/public/cm-super/sfrm12
00.pfb>
Output written on Ionisation-Modelling-Results.pdf (69 pages, 27569712 bytes).
PDF statistics:
 393 PDF objects out of 1000 (max. 8388607)
 192 compressed objects within 2 object streams
 0 named destinations out of 1000 (max. 500000)
 261 words of extra memory for PDF output out of 10000 (max. 10000000)

