This is pdfTeX, Version 3.141592653-2.6-1.40.22 (TeX Live 2022/dev/Debian) (preloaded format=pdflatex 2023.8.20)  4 MAR 2024 12:42
entering extended mode
 restricted \write18 enabled.
 %&-line parsing enabled.
**system-plot-full
(./system-plot-full.tex
LaTeX2e <2021-11-15> patch level 1
L3 programming layer <2022-01-21>
(/usr/share/texlive/texmf-dist/tex/latex/base/report.cls
Document Class: report 2021/10/04 v1.4n Standard LaTeX document class
(/usr/share/texlive/texmf-dist/tex/latex/base/size12.clo
File: size12.clo 2021/10/04 v1.4n Standard LaTeX file (size option)
)
\c@part=\count185
\c@chapter=\count186
\c@section=\count187
\c@subsection=\count188
\c@subsubsection=\count189
\c@paragraph=\count190
\c@subparagraph=\count191
\c@figure=\count192
\c@table=\count193
\abovecaptionskip=\skip47
\belowcaptionskip=\skip48
\bibindent=\dimen138
)
(/usr/share/texlive/texmf-dist/tex/latex/graphics/graphicx.sty
Package: graphicx 2021/09/16 v1.2d Enhanced LaTeX Graphics (DPC,SPQR)

(/usr/share/texlive/texmf-dist/tex/latex/graphics/keyval.sty
Package: keyval 2014/10/28 v1.15 key=value parser (DPC)
\KV@toks@=\toks16
)
(/usr/share/texlive/texmf-dist/tex/latex/graphics/graphics.sty
Package: graphics 2021/03/04 v1.4d Standard LaTeX Graphics (DPC,SPQR)

(/usr/share/texlive/texmf-dist/tex/latex/graphics/trig.sty
Package: trig 2021/08/11 v1.11 sin cos tan (DPC)
)
(/usr/share/texlive/texmf-dist/tex/latex/graphics-cfg/graphics.cfg
File: graphics.cfg 2016/06/04 v1.11 sample graphics configuration
)
Package graphics Info: Driver file: pdftex.def on input line 107.

(/usr/share/texlive/texmf-dist/tex/latex/graphics-def/pdftex.def
File: pdftex.def 2020/10/05 v1.2a Graphics/color driver for pdftex
))
\Gin@req@height=\dimen139
\Gin@req@width=\dimen140
)
(/usr/share/texlive/texmf-dist/tex/latex/multirow/multirow.sty
Package: multirow 2021/03/15 v2.8 Span multiple rows of a table
\multirow@colwidth=\skip49
\multirow@cntb=\count194
\multirow@dima=\skip50
\bigstrutjot=\dimen141
)
(/usr/share/texlive/texmf-dist/tex/latex/graphics/lscape.sty
Package: lscape 2020/05/28 v3.02 Landscape Pages (DPC)
)
(/usr/share/texlive/texmf-dist/tex/latex/pdflscape/pdflscape.sty
Package: pdflscape 2019/12/05 v0.12 Display of landscape pages in PDF (HO)

(/usr/share/texlive/texmf-dist/tex/generic/iftex/iftex.sty
Package: iftex 2020/03/06 v1.0d TeX engine tests
)
Package pdflscape Info: Auto-detected driver: pdftex on input line 81.
)
(/usr/share/texlive/texmf-dist/tex/latex/base/fixltx2e.sty
Package: fixltx2e 2016/12/29 v2.1a fixes to LaTeX (obsolete)
Applying: [2015/01/01] Old fixltx2e package on input line 46.


Package fixltx2e Warning: fixltx2e is not required with releases after 2015
(fixltx2e)                All fixes are now in the LaTeX kernel.
(fixltx2e)                See the latexrelease package for details.

Already applied: [0000/00/00] Old fixltx2e package on input line 53.
) (/usr/share/texlive/texmf-dist/tex/latex/geometry/geometry.sty
Package: geometry 2020/01/02 v5.9 Page Geometry

(/usr/share/texlive/texmf-dist/tex/generic/iftex/ifvtex.sty
Package: ifvtex 2019/10/25 v1.7 ifvtex legacy package. Use iftex instead.
)
\Gm@cnth=\count195
\Gm@cntv=\count196
\c@Gm@tempcnt=\count197
\Gm@bindingoffset=\dimen142
\Gm@wd@mp=\dimen143
\Gm@odd@mp=\dimen144
\Gm@even@mp=\dimen145
\Gm@layoutwidth=\dimen146
\Gm@layoutheight=\dimen147
\Gm@layouthoffset=\dimen148
\Gm@layoutvoffset=\dimen149
\Gm@dimlist=\toks17
)
(/usr/share/texlive/texmf-dist/tex/latex/wasysym/wasysym.sty
Package: wasysym 2020/01/19 v2.4 Wasy-2 symbol support package
\symwasy=\mathgroup4
LaTeX Font Info:    Overwriting symbol font `wasy' in version `bold'
(Font)                  U/wasy/m/n --> U/wasy/b/n on input line 93.
)
(/usr/share/texlive/texmf-dist/tex/latex/amsmath/amsmath.sty
Package: amsmath 2021/10/15 v2.17l AMS math features
\@mathmargin=\skip51

For additional information on amsmath, use the `?' option.
(/usr/share/texlive/texmf-dist/tex/latex/amsmath/amstext.sty
Package: amstext 2021/08/26 v2.01 AMS text

(/usr/share/texlive/texmf-dist/tex/latex/amsmath/amsgen.sty
File: amsgen.sty 1999/11/30 v2.0 generic functions
\@emptytoks=\toks18
\ex@=\dimen150
))
(/usr/share/texlive/texmf-dist/tex/latex/amsmath/amsbsy.sty
Package: amsbsy 1999/11/29 v1.2d Bold Symbols
\pmbraise@=\dimen151
)
(/usr/share/texlive/texmf-dist/tex/latex/amsmath/amsopn.sty
Package: amsopn 2021/08/26 v2.02 operator names
)
\inf@bad=\count198
LaTeX Info: Redefining \frac on input line 234.
\uproot@=\count199
\leftroot@=\count266
LaTeX Info: Redefining \overline on input line 399.
\classnum@=\count267
\DOTSCASE@=\count268
LaTeX Info: Redefining \ldots on input line 496.
LaTeX Info: Redefining \dots on input line 499.
LaTeX Info: Redefining \cdots on input line 620.


! LaTeX Error: Command \iint already defined.
               Or name \end... illegal, see p.192 of the manual.

See the LaTeX manual or LaTeX Companion for explanation.
Type  H <return>  for immediate help.
 ...                                              
                                                  
l.659 ...d{\iint}{\DOTSI\protect\MultiIntegral{2}}
                                                  
Your command was ignored.
Type  I <command> <return>  to replace it with another command,
or  <return>  to continue without it.


! LaTeX Error: Command \iiint already defined.
               Or name \end... illegal, see p.192 of the manual.

See the LaTeX manual or LaTeX Companion for explanation.
Type  H <return>  for immediate help.
 ...                                              
                                                  
l.660 ...{\iiint}{\DOTSI\protect\MultiIntegral{3}}
                                                  
Your command was ignored.
Type  I <command> <return>  to replace it with another command,
or  <return>  to continue without it.

\Mathstrutbox@=\box50
\strutbox@=\box51
\big@size=\dimen152
LaTeX Font Info:    Redeclaring font encoding OML on input line 743.
LaTeX Font Info:    Redeclaring font encoding OMS on input line 744.
\macc@depth=\count269
\c@MaxMatrixCols=\count270
\dotsspace@=\muskip16
\c@parentequation=\count271
\dspbrk@lvl=\count272
\tag@help=\toks19
\row@=\count273
\column@=\count274
\maxfields@=\count275
\andhelp@=\toks20
\eqnshift@=\dimen153
\alignsep@=\dimen154
\tagshift@=\dimen155
\tagwidth@=\dimen156
\totwidth@=\dimen157
\lineht@=\dimen158
\@envbody=\toks21
\multlinegap=\skip52
\multlinetaggap=\skip53
\mathdisplay@stack=\toks22
LaTeX Info: Redefining \[ on input line 2938.
LaTeX Info: Redefining \] on input line 2939.
) (/usr/share/texlive/texmf-dist/tex/latex/amsfonts/amssymb.sty
Package: amssymb 2013/01/14 v3.01 AMS font symbols

(/usr/share/texlive/texmf-dist/tex/latex/amsfonts/amsfonts.sty
Package: amsfonts 2013/01/14 v3.01 Basic AMSFonts support
\symAMSa=\mathgroup5
\symAMSb=\mathgroup6
LaTeX Font Info:    Redeclaring math symbol \hbar on input line 98.
LaTeX Font Info:    Overwriting math alphabet `\mathfrak' in version `bold'
(Font)                  U/euf/m/n --> U/euf/b/n on input line 106.
))
(/usr/share/texlive/texmf-dist/tex/latex/caption/caption.sty
Package: caption 2020/10/26 v3.5g Customizing captions (AR)

(/usr/share/texlive/texmf-dist/tex/latex/caption/caption3.sty
Package: caption3 2020/10/21 v2.2e caption3 kernel (AR)
\captionmargin=\dimen159
\captionmargin@=\dimen160
\captionwidth=\dimen161
\caption@tempdima=\dimen162
\caption@indent=\dimen163
\caption@parindent=\dimen164
\caption@hangindent=\dimen165
Package caption Info: Standard document class detected.
)
\c@caption@flags=\count276
\c@continuedfloat=\count277
)
(/usr/share/texlive/texmf-dist/tex/latex/caption/subcaption.sty
Package: subcaption 2020/10/07 v1.3j Sub-captions (AR)
\c@subfigure=\count278
\c@subtable=\count279
)
(/usr/share/texlive/texmf-dist/tex/latex/l3backend/l3backend-pdftex.def
File: l3backend-pdftex.def 2022-01-12 L3 backend support: PDF output (pdfTeX)
\l__color_backend_stack_int=\count280
\l__pdf_internal_box=\box52
)
(./system-plot-full.aux)
\openout1 = `system-plot-full.aux'.

LaTeX Font Info:    Checking defaults for OML/cmm/m/it on input line 21.
LaTeX Font Info:    ... okay on input line 21.
LaTeX Font Info:    Checking defaults for OMS/cmsy/m/n on input line 21.
LaTeX Font Info:    ... okay on input line 21.
LaTeX Font Info:    Checking defaults for OT1/cmr/m/n on input line 21.
LaTeX Font Info:    ... okay on input line 21.
LaTeX Font Info:    Checking defaults for T1/cmr/m/n on input line 21.
LaTeX Font Info:    ... okay on input line 21.
LaTeX Font Info:    Checking defaults for TS1/cmr/m/n on input line 21.
LaTeX Font Info:    ... okay on input line 21.
LaTeX Font Info:    Checking defaults for OMX/cmex/m/n on input line 21.
LaTeX Font Info:    ... okay on input line 21.
LaTeX Font Info:    Checking defaults for U/cmr/m/n on input line 21.
LaTeX Font Info:    ... okay on input line 21.

(/usr/share/texlive/texmf-dist/tex/context/base/mkii/supp-pdf.mkii
[Loading MPS to PDF converter (version 2006.09.02).]
\scratchcounter=\count281
\scratchdimen=\dimen166
\scratchbox=\box53
\nofMPsegments=\count282
\nofMParguments=\count283
\everyMPshowfont=\toks23
\MPscratchCnt=\count284
\MPscratchDim=\dimen167
\MPnumerator=\count285
\makeMPintoPDFobject=\count286
\everyMPtoPDFconversion=\toks24
) (/usr/share/texlive/texmf-dist/tex/latex/epstopdf-pkg/epstopdf-base.sty
Package: epstopdf-base 2020-01-24 v2.11 Base part for package epstopdf
Package epstopdf-base Info: Redefining graphics rule for `.eps' on input line 4
85.

(/usr/share/texlive/texmf-dist/tex/latex/latexconfig/epstopdf-sys.cfg
File: epstopdf-sys.cfg 2010/07/13 v1.3 Configuration of (r)epstopdf for TeX Liv
e
))
*geometry* driver: auto-detecting
*geometry* detected driver: pdftex
*geometry* verbose mode - [ preamble ] result:
* driver: pdftex
* paper: <default>
* layout: <same size as paper>
* layoutoffset:(h,v)=(0.0pt,0.0pt)
* modes: 
* h-part:(L,W,R)=(92.14519pt, 430.00462pt, 92.14519pt)
* v-part:(T,H,B)=(95.39737pt, 556.47656pt, 143.09605pt)
* \paperwidth=614.295pt
* \paperheight=794.96999pt
* \textwidth=430.00462pt
* \textheight=556.47656pt
* \oddsidemargin=19.8752pt
* \evensidemargin=19.8752pt
* \topmargin=-13.87262pt
* \headheight=12.0pt
* \headsep=25.0pt
* \topskip=12.0pt
* \footskip=30.0pt
* \marginparwidth=44.0pt
* \marginparsep=10.0pt
* \columnsep=10.0pt
* \skip\footins=10.8pt plus 4.0pt minus 2.0pt
* \hoffset=0.0pt
* \voffset=0.0pt
* \mag=1000
* \@twocolumnfalse
* \@twosidefalse
* \@mparswitchfalse
* \@reversemarginfalse
* (1in=72.27pt=25.4mm, 1cm=28.453pt)

Package caption Info: Begin \AtBeginDocument code.
Package caption Info: End \AtBeginDocument code.
LaTeX Font Info:    Trying to load font information for U+wasy on input line 23
.
(/usr/share/texlive/texmf-dist/tex/latex/wasysym/uwasy.fd
File: uwasy.fd 2020/01/19 v2.4 Wasy-2 symbol font definitions
)
LaTeX Font Info:    Trying to load font information for U+msa on input line 23.


(/usr/share/texlive/texmf-dist/tex/latex/amsfonts/umsa.fd
File: umsa.fd 2013/01/14 v3.01 AMS symbols A
)
LaTeX Font Info:    Trying to load font information for U+msb on input line 23.


(/usr/share/texlive/texmf-dist/tex/latex/amsfonts/umsb.fd
File: umsb.fd 2013/01/14 v3.01 AMS symbols B
)

LaTeX Warning: No \author given.

[1

{/var/lib/texmf/fonts/map/pdftex/updmap/pdftex.map}]
<sys_plots_full/3C263_z=0.140756_sys_plot_full.png, id=8, 2384.91pt x 1634.2656
pt>
File: sys_plots_full/3C263_z=0.140756_sys_plot_full.png Graphic file (type png)

<use sys_plots_full/3C263_z=0.140756_sys_plot_full.png>
Package pdftex.def Info: sys_plots_full/3C263_z=0.140756_sys_plot_full.png  use
d on input line 35.
(pdftex.def)             Requested size: 695.5957pt x 476.643pt.

Overfull \hbox (42.14558pt too wide) in paragraph at lines 33--36
 []|  [] 
 []

[1 <./sys_plots_full/3C263_z=0.140756_sys_plot_full.png>]
<sys_plots_full/PKS0637-752_z=0.161064_sys_plot_full.png, id=14, 2384.91pt x 16
34.2656pt>
File: sys_plots_full/PKS0637-752_z=0.161064_sys_plot_full.png Graphic file (typ
e png)
<use sys_plots_full/PKS0637-752_z=0.161064_sys_plot_full.png>
Package pdftex.def Info: sys_plots_full/PKS0637-752_z=0.161064_sys_plot_full.pn
g  used on input line 48.
(pdftex.def)             Requested size: 695.5957pt x 476.643pt.

Overfull \hbox (42.14558pt too wide) in paragraph at lines 46--49
 []|  [] 
 []

[2 <./sys_plots_full/PKS0637-752_z=0.161064_sys_plot_full.png>]
<sys_plots_full/PKS0637-752_z=0.417539_sys_plot_full.png, id=19, 2384.91pt x 16
34.2656pt>
File: sys_plots_full/PKS0637-752_z=0.417539_sys_plot_full.png Graphic file (typ
e png)
<use sys_plots_full/PKS0637-752_z=0.417539_sys_plot_full.png>
Package pdftex.def Info: sys_plots_full/PKS0637-752_z=0.417539_sys_plot_full.pn
g  used on input line 61.
(pdftex.def)             Requested size: 695.5957pt x 476.643pt.

Overfull \hbox (42.14558pt too wide) in paragraph at lines 59--62
 []|  [] 
 []

[3 <./sys_plots_full/PKS0637-752_z=0.417539_sys_plot_full.png>]
<sys_plots_full/PG1424+240_z=0.147104_sys_plot_full.png, id=24, 2384.91pt x 163
4.2656pt>
File: sys_plots_full/PG1424+240_z=0.147104_sys_plot_full.png Graphic file (type
 png)
<use sys_plots_full/PG1424+240_z=0.147104_sys_plot_full.png>
Package pdftex.def Info: sys_plots_full/PG1424+240_z=0.147104_sys_plot_full.png
  used on input line 74.
(pdftex.def)             Requested size: 695.5957pt x 476.643pt.

Overfull \hbox (42.14558pt too wide) in paragraph at lines 72--75
 []|  [] 
 []

[4 <./sys_plots_full/PG1424+240_z=0.147104_sys_plot_full.png>]
<sys_plots_full/PG0003+158_z=0.386089_sys_plot_full.png, id=29, 2384.91pt x 163
4.2656pt>
File: sys_plots_full/PG0003+158_z=0.386089_sys_plot_full.png Graphic file (type
 png)
<use sys_plots_full/PG0003+158_z=0.386089_sys_plot_full.png>
Package pdftex.def Info: sys_plots_full/PG0003+158_z=0.386089_sys_plot_full.png
  used on input line 87.
(pdftex.def)             Requested size: 695.5957pt x 476.643pt.

Overfull \hbox (42.14558pt too wide) in paragraph at lines 85--88
 []|  [] 
 []

[5 <./sys_plots_full/PG0003+158_z=0.386089_sys_plot_full.png>]
<sys_plots_full/PG0003+158_z=0.421923_sys_plot_full.png, id=34, 2384.91pt x 163
4.2656pt>
File: sys_plots_full/PG0003+158_z=0.421923_sys_plot_full.png Graphic file (type
 png)
<use sys_plots_full/PG0003+158_z=0.421923_sys_plot_full.png>
Package pdftex.def Info: sys_plots_full/PG0003+158_z=0.421923_sys_plot_full.png
  used on input line 100.
(pdftex.def)             Requested size: 695.5957pt x 476.643pt.

Overfull \hbox (42.14558pt too wide) in paragraph at lines 98--101
 []|  [] 
 []

[6 <./sys_plots_full/PG0003+158_z=0.421923_sys_plot_full.png>]
<sys_plots_full/PG1216+069_z=0.282286_sys_plot_full.png, id=40, 2384.91pt x 163
4.2656pt>
File: sys_plots_full/PG1216+069_z=0.282286_sys_plot_full.png Graphic file (type
 png)
<use sys_plots_full/PG1216+069_z=0.282286_sys_plot_full.png>
Package pdftex.def Info: sys_plots_full/PG1216+069_z=0.282286_sys_plot_full.png
  used on input line 113.
(pdftex.def)             Requested size: 695.5957pt x 476.643pt.

Overfull \hbox (42.14558pt too wide) in paragraph at lines 111--114
 []|  [] 
 []

[7 <./sys_plots_full/PG1216+069_z=0.282286_sys_plot_full.png>]
<sys_plots_full/SDSSJ135712.61+170444_z=0.097869_sys_plot_full.png, id=45, 2384
.91pt x 1634.2656pt>
File: sys_plots_full/SDSSJ135712.61+170444_z=0.097869_sys_plot_full.png Graphic
 file (type png)
<use sys_plots_full/SDSSJ135712.61+170444_z=0.097869_sys_plot_full.png>
Package pdftex.def Info: sys_plots_full/SDSSJ135712.61+170444_z=0.097869_sys_pl
ot_full.png  used on input line 126.
(pdftex.def)             Requested size: 695.5957pt x 476.643pt.

Overfull \hbox (42.14558pt too wide) in paragraph at lines 124--127
 []|  [] 
 []

[8 <./sys_plots_full/SDSSJ135712.61+170444_z=0.097869_sys_plot_full.png>]
<sys_plots_full/1ES1553+113_z=0.187764_sys_plot_full.png, id=50, 2384.91pt x 16
34.2656pt>
File: sys_plots_full/1ES1553+113_z=0.187764_sys_plot_full.png Graphic file (typ
e png)
<use sys_plots_full/1ES1553+113_z=0.187764_sys_plot_full.png>
Package pdftex.def Info: sys_plots_full/1ES1553+113_z=0.187764_sys_plot_full.pn
g  used on input line 139.
(pdftex.def)             Requested size: 695.5957pt x 476.643pt.

Overfull \hbox (42.14558pt too wide) in paragraph at lines 137--140
 []|  [] 
 []

[9 <./sys_plots_full/1ES1553+113_z=0.187764_sys_plot_full.png>]
<sys_plots_full/SBS1108+560_z=0.463207_sys_plot_full.png, id=55, 2384.91pt x 16
34.2656pt>
File: sys_plots_full/SBS1108+560_z=0.463207_sys_plot_full.png Graphic file (typ
e png)
<use sys_plots_full/SBS1108+560_z=0.463207_sys_plot_full.png>
Package pdftex.def Info: sys_plots_full/SBS1108+560_z=0.463207_sys_plot_full.pn
g  used on input line 152.
(pdftex.def)             Requested size: 695.5957pt x 476.643pt.

Overfull \hbox (42.14558pt too wide) in paragraph at lines 150--153
 []|  [] 
 []

[10 <./sys_plots_full/SBS1108+560_z=0.463207_sys_plot_full.png>]
<sys_plots_full/PG1222+216_z=0.378389_sys_plot_full.png, id=60, 2384.91pt x 163
4.2656pt>
File: sys_plots_full/PG1222+216_z=0.378389_sys_plot_full.png Graphic file (type
 png)
<use sys_plots_full/PG1222+216_z=0.378389_sys_plot_full.png>
Package pdftex.def Info: sys_plots_full/PG1222+216_z=0.378389_sys_plot_full.png
  used on input line 165.
(pdftex.def)             Requested size: 695.5957pt x 476.643pt.

Overfull \hbox (42.14558pt too wide) in paragraph at lines 163--166
 []|  [] 
 []

[11 <./sys_plots_full/PG1222+216_z=0.378389_sys_plot_full.png>]
<sys_plots_full/PG1116+215_z=0.138527_sys_plot_full.png, id=65, 2384.91pt x 163
4.2656pt>
File: sys_plots_full/PG1116+215_z=0.138527_sys_plot_full.png Graphic file (type
 png)
<use sys_plots_full/PG1116+215_z=0.138527_sys_plot_full.png>
Package pdftex.def Info: sys_plots_full/PG1116+215_z=0.138527_sys_plot_full.png
  used on input line 178.
(pdftex.def)             Requested size: 695.5957pt x 476.643pt.

Overfull \hbox (42.14558pt too wide) in paragraph at lines 176--179
 []|  [] 
 []

[12 <./sys_plots_full/PG1116+215_z=0.138527_sys_plot_full.png>]
<sys_plots_full/H1821+643_z=0.170006_sys_plot_full.png, id=71, 2384.91pt x 1634
.2656pt>
File: sys_plots_full/H1821+643_z=0.170006_sys_plot_full.png Graphic file (type 
png)
<use sys_plots_full/H1821+643_z=0.170006_sys_plot_full.png>
Package pdftex.def Info: sys_plots_full/H1821+643_z=0.170006_sys_plot_full.png 
 used on input line 191.
(pdftex.def)             Requested size: 695.5957pt x 476.643pt.

Overfull \hbox (42.14558pt too wide) in paragraph at lines 189--192
 []|  [] 
 []

[13 <./sys_plots_full/H1821+643_z=0.170006_sys_plot_full.png>]
<sys_plots_full/H1821+643_z=0.224981_sys_plot_full.png, id=76, 2384.91pt x 1634
.2656pt>
File: sys_plots_full/H1821+643_z=0.224981_sys_plot_full.png Graphic file (type 
png)
<use sys_plots_full/H1821+643_z=0.224981_sys_plot_full.png>
Package pdftex.def Info: sys_plots_full/H1821+643_z=0.224981_sys_plot_full.png 
 used on input line 204.
(pdftex.def)             Requested size: 695.5957pt x 476.643pt.

Overfull \hbox (42.14558pt too wide) in paragraph at lines 202--205
 []|  [] 
 []

[14 <./sys_plots_full/H1821+643_z=0.224981_sys_plot_full.png>]
<sys_plots_full/PG1121+422_z=0.192393_sys_plot_full.png, id=81, 2384.91pt x 163
4.2656pt>
File: sys_plots_full/PG1121+422_z=0.192393_sys_plot_full.png Graphic file (type
 png)
<use sys_plots_full/PG1121+422_z=0.192393_sys_plot_full.png>
Package pdftex.def Info: sys_plots_full/PG1121+422_z=0.192393_sys_plot_full.png
  used on input line 217.
(pdftex.def)             Requested size: 695.5957pt x 476.643pt.

Overfull \hbox (42.14558pt too wide) in paragraph at lines 215--218
 []|  [] 
 []

[15 <./sys_plots_full/PG1121+422_z=0.192393_sys_plot_full.png>]
<sys_plots_full/PKS0405-123_z=0.167125_sys_plot_full.png, id=86, 2384.91pt x 16
34.2656pt>
File: sys_plots_full/PKS0405-123_z=0.167125_sys_plot_full.png Graphic file (typ
e png)
<use sys_plots_full/PKS0405-123_z=0.167125_sys_plot_full.png>
Package pdftex.def Info: sys_plots_full/PKS0405-123_z=0.167125_sys_plot_full.pn
g  used on input line 230.
(pdftex.def)             Requested size: 695.5957pt x 476.643pt.

Overfull \hbox (42.14558pt too wide) in paragraph at lines 228--231
 []|  [] 
 []

[16 <./sys_plots_full/PKS0405-123_z=0.167125_sys_plot_full.png>]
(./system-plot-full.aux) ) 
Here is how much of TeX's memory you used:
 4883 strings out of 480247
 83815 string characters out of 5896151
 358275 words of memory out of 5000000
 22778 multiletter control sequences out of 15000+600000
 473420 words of font info for 45 fonts, out of 8000000 for 9000
 14 hyphenation exceptions out of 8191
 55i,6n,63p,249b,305s stack positions out of 5000i,500n,10000p,200000b,80000s
</usr/share/texlive/texmf-dist/fonts/type1/public/ams
fonts/cm/cmbx12.pfb></usr/share/texlive/texmf-dist/fonts/type1/public/amsfonts/
cm/cmr12.pfb>
Output written on system-plot-full.pdf (17 pages, 19044593 bytes).
PDF statistics:
 102 PDF objects out of 1000 (max. 8388607)
 46 compressed objects within 1 object stream
 0 named destinations out of 1000 (max. 500000)
 81 words of extra memory for PDF output out of 10000 (max. 10000000)

