\BOOKMARK [0][-]{chapter*.1}{\376\377\000A\000b\000s\000t\000r\000a\000c\000t}{}% 1
\BOOKMARK [0][-]{chapter.0.1}{\376\377\000I\000n\000t\000r\000o\000d\000u\000c\000t\000i\000o\000n}{}% 2
\BOOKMARK [1][-]{section.0.1.1}{\376\377\000W\000h\000e\000r\000e\000\040\000a\000r\000e\000\040\000t\000h\000e\000\040\000b\000a\000r\000y\000o\000n\000s\000\040\000?}{chapter.0.1}% 3
\BOOKMARK [1][-]{section.0.1.2}{\376\377\000D\000e\000t\000e\000c\000t\000i\000n\000g\000\040\000W\000H\000I\000M}{chapter.0.1}% 4
\BOOKMARK [1][-]{section.0.1.3}{\376\377\000D\000e\000t\000e\000c\000t\000i\000n\000g\000\040\000W\000H\000I\000M\000\040\000u\000s\000i\000n\000g\000\040\000B\000L\000A\000s}{chapter.0.1}% 5
\BOOKMARK [1][-]{section.0.1.4}{\376\377\000R\000o\000a\000d\000-\000m\000a\000p\000\040\000f\000o\000r\000\040\000t\000h\000e\000\040\000C\000u\000r\000r\000e\000n\000t\000\040\000P\000r\000o\000j\000e\000c\000t}{chapter.0.1}% 6
\BOOKMARK [0][-]{chapter.0.2}{\376\377\000D\000a\000t\000a\000\040\000a\000n\000d\000\040\000P\000r\000e\000-\000p\000r\000o\000c\000e\000s\000s\000i\000n\000g}{}% 7
\BOOKMARK [1][-]{section.0.2.1}{\376\377\000H\000S\000T\000/\000C\000O\000S\000\040\000d\000a\000t\000a}{chapter.0.2}% 8
\BOOKMARK [1][-]{section.0.2.2}{\376\377\000P\000r\000e\000-\000p\000r\000o\000c\000e\000s\000s\000i\000n\000g}{chapter.0.2}% 9
\BOOKMARK [0][-]{chapter.0.3}{\376\377\000V\000o\000i\000g\000t\000\040\000P\000r\000o\000f\000i\000l\000e\000\040\000F\000i\000t\000t\000i\000n\000g}{}% 10
\BOOKMARK [1][-]{section.0.3.1}{\376\377\000V\000o\000i\000g\000t\000\040\000P\000r\000o\000f\000i\000l\000e}{chapter.0.3}% 11
\BOOKMARK [1][-]{section.0.3.2}{\376\377\000V\000P\000F\000I\000T}{chapter.0.3}% 12
\BOOKMARK [0][-]{chapter.0.4}{\376\377\000M\000o\000d\000e\000l\000l\000i\000n\000g\000\040\000t\000h\000e\000\040\000I\000o\000n\000i\000s\000a\000t\000i\000o\000n\000\040\000C\000o\000n\000d\000i\000t\000i\000o\000n\000s}{}% 13
\BOOKMARK [1][-]{section.0.4.1}{\376\377\000I\000o\000n\000i\000s\000a\000t\000i\000o\000n\000\040\000M\000o\000d\000e\000l\000l\000i\000n\000g}{chapter.0.4}% 14
\BOOKMARK [1][-]{section.0.4.2}{\376\377\000C\000L\000O\000U\000D\000Y}{chapter.0.4}% 15
\BOOKMARK [1][-]{section.0.4.3}{\376\377\000I\000o\000n\000i\000z\000a\000t\000i\000o\000n\000\040\000M\000o\000d\000e\000l\000\040\000B\000a\000s\000e\000d\000\040\000P\000a\000r\000a\000m\000e\000t\000e\000r\000\040\000E\000s\000t\000i\000m\000a\000t\000i\000o\000n}{chapter.0.4}% 16
\BOOKMARK [0][-]{chapter.0.5}{\376\377\000A\000b\000s\000o\000r\000b\000e\000r\000\040\000t\000o\000w\000a\000r\000d\000s\000\040\000P\000G\000\040\0000\0000\0000\0003\000+\0001\0005\0008}{}% 17
\BOOKMARK [1][-]{section.0.5.1}{\376\377\000C\000o\000m\000p\000o\000n\000e\000n\000t\000\040\000s\000t\000r\000u\000c\000t\000u\000r\000e\000\040\000o\000f\000\040\000t\000h\000e\000\040\000a\000b\000s\000o\000r\000b\000e\000r\000\040\000s\000y\000s\000t\000e\000m}{chapter.0.5}% 18
\BOOKMARK [1][-]{section.0.5.2}{\376\377\000V\000o\000i\000g\000t\000\040\000p\000r\000o\000f\000i\000l\000e\000\040\000f\000i\000t\000t\000i\000n\000g}{chapter.0.5}% 19
\BOOKMARK [1][-]{section.0.5.3}{\376\377\000I\000o\000n\000i\000z\000a\000t\000i\000o\000n\000\040\000M\000o\000d\000e\000l\000l\000i\000n\000g\000\040\000o\000f\000\040\000t\000h\000e\000\040\000A\000b\000s\000o\000r\000b\000e\000r}{chapter.0.5}% 20
\BOOKMARK [1][-]{section.0.5.4}{\376\377\000O\000r\000i\000g\000i\000n\000\040\000o\000f\000\040\000O\000v\000i\000\040\000i\000n\000\040\000t\000h\000e\000\040\000A\000b\000s\000o\000r\000b\000e\000r}{chapter.0.5}% 21
\BOOKMARK [1][-]{section.0.5.5}{\376\377\000G\000a\000l\000a\000x\000y\000\040\000e\000n\000v\000i\000r\000o\000n\000m\000e\000n\000t\000\040\000o\000f\000\040\000t\000h\000e\000\040\000a\000b\000s\000o\000r\000b\000e\000r}{chapter.0.5}% 22
\BOOKMARK [0][-]{chapter.0.6}{\376\377\000H\000u\000n\000t\000\040\000f\000o\000r\000\040\000B\000L\000A\000s\000\040\000:\000\040\000T\000h\000e\000\040\000S\000u\000r\000v\000e\000y}{}% 23
\BOOKMARK [1][-]{section.0.6.1}{\376\377\000S\000h\000o\000r\000t\000l\000i\000s\000t\000i\000n\000g\000\040\000t\000h\000e\000\040\000B\000L\000A\000\040\000c\000a\000n\000d\000i\000d\000a\000t\000e\000s}{chapter.0.6}% 24
\BOOKMARK [1][-]{section.0.6.2}{\376\377\000S\000u\000r\000v\000e\000y\000\040\000m\000e\000t\000h\000o\000d\000o\000l\000o\000g\000y}{chapter.0.6}% 25
\BOOKMARK [1][-]{section.0.6.3}{\376\377\000S\000u\000r\000v\000e\000y\000\040\000s\000t\000a\000t\000i\000s\000t\000i\000c\000s}{chapter.0.6}% 26
\BOOKMARK [0][-]{chapter*.40}{\376\377\000R\000e\000f\000e\000r\000e\000n\000c\000e\000s}{}% 27
